{"/opt/redbox-portal/api/controllers/ActionController.js":{"path":"/opt/redbox-portal/api/controllers/ActionController.js","statementMap":{"0":{"start":{"line":2,"column":0},"end":{"line":2,"column":62}},"1":{"start":{"line":3,"column":19},"end":{"line":3,"column":55}},"2":{"start":{"line":5,"column":0},"end":{"line":25,"column":68}},"3":{"start":{"line":8,"column":12},"end":{"line":8,"column":32}},"4":{"start":{"line":9,"column":12},"end":{"line":11,"column":14}},"5":{"start":{"line":14,"column":31},"end":{"line":14,"column":50}},"6":{"start":{"line":15,"column":24},"end":{"line":15,"column":40}},"7":{"start":{"line":16,"column":28},"end":{"line":16,"column":30}},"8":{"start":{"line":17,"column":34},"end":{"line":17,"column":71}},"9":{"start":{"line":18,"column":27},"end":{"line":18,"column":61}},"10":{"start":{"line":19,"column":12},"end":{"line":21,"column":15}},"11":{"start":{"line":20,"column":16},"end":{"line":20,"column":59}},"12":{"start":{"line":24,"column":4},"end":{"line":24,"column":32}},"13":{"start":{"line":26,"column":0},"end":{"line":26,"column":52}}},"fnMap":{"0":{"name":"(anonymous_0)","decl":{"start":{"line":5,"column":1},"end":{"line":5,"column":2}},"loc":{"start":{"line":5,"column":24},"end":{"line":25,"column":1}},"line":5},"1":{"name":"(anonymous_1)","decl":{"start":{"line":7,"column":8},"end":{"line":7,"column":9}},"loc":{"start":{"line":7,"column":22},"end":{"line":12,"column":9}},"line":7},"2":{"name":"(anonymous_2)","decl":{"start":{"line":13,"column":8},"end":{"line":13,"column":9}},"loc":{"start":{"line":13,"column":30},"end":{"line":22,"column":9}},"line":13},"3":{"name":"(anonymous_3)","decl":{"start":{"line":19,"column":38},"end":{"line":19,"column":39}},"loc":{"start":{"line":19,"column":48},"end":{"line":21,"column":13}},"line":19}},"branchMap":{"0":{"loc":{"start":{"line":25,"column":17},"end":{"line":25,"column":66}},"type":"binary-expr","locations":[{"start":{"line":25,"column":17},"end":{"line":25,"column":36}},{"start":{"line":25,"column":41},"end":{"line":25,"column":65}}],"line":25}},"s":{"0":0,"1":0,"2":0,"3":0,"4":0,"5":0,"6":0,"7":0,"8":0,"9":0,"10":0,"11":0,"12":0,"13":0},"f":{"0":0,"1":0,"2":0,"3":0},"b":{"0":[0,0]},"inputSourceMap":{"version":3,"file":"ActionController.js","sourceRoot":"","sources":["../../typescript/api/controllers/ActionController.ts"],"names":[],"mappings":";;AA4BA,wDAAyD;AACzD,IAAc,WAAW,CAuCxB;AAvCD,WAAc,WAAW;IAMvB,YAAoB,SAAQ,UAAU,CAAC,WAAW,CAAC,IAAI,CAAC,UAAU;QAAlE;;YAKY,qBAAgB,GAAQ;gBAC9B,aAAa;aAChB,CAAC;QAyBJ,CAAC;QAlBQ,WAAW,CAAC,GAAG,EAAE,GAAG;YACzB,MAAM,UAAU,GAAG,GAAG,CAAC,KAAK,CAAC,QAAQ,CAAC,CAAA;YACtC,MAAM,GAAG,GAAG,GAAG,CAAC,KAAK,CAAC,KAAK,CAAC,CAAC;YAC7B,MAAM,OAAO,GAAG,EAAE,CAAC;YACnB,IAAI,eAAe,GAAG,IAAI,CAAC,KAAK,CAAC,MAAM,CAAC,MAAM,CAAC,UAAU,CAAC,CAAC,CAAC;YAC5D,IAAI,QAAQ,GAAG,eAAe,CAAC,GAAG,CAAC,IAAI,EAAE,OAAO,CAAC,CAAC;YAElD,OAAO,QAAQ,CAAC,SAAS,CAAE,MAAM,CAAC,EAAE;gBAClC,OAAO,IAAI,CAAC,MAAM,CAAC,GAAG,EAAE,GAAG,EAAE,IAAI,EAAE,MAAM,CAAC,CAAC;YAC7C,CAAC,CAAC,CAAC;QACL,CAAC;KAQF;IAhCY,kBAAM,SAgClB,CAAA;AACH,CAAC,EAvCa,WAAW,GAAX,mBAAW,KAAX,mBAAW,QAuCxB;AAED,MAAM,CAAC,OAAO,GAAG,IAAI,WAAW,CAAC,MAAM,EAAE,CAAC,OAAO,EAAE,CAAC"},"all":true},"/opt/redbox-portal/api/controllers/AdminController.js":{"path":"/opt/redbox-portal/api/controllers/AdminController.js","statementMap":{"0":{"start":{"line":2,"column":0},"end":{"line":2,"column":62}},"1":{"start":{"line":3,"column":13},"end":{"line":3,"column":31}},"2":{"start":{"line":4,"column":15},"end":{"line":4,"column":33}},"3":{"start":{"line":5,"column":19},"end":{"line":5,"column":55}},"4":{"start":{"line":7,"column":0},"end":{"line":190,"column":68}},"5":{"start":{"line":10,"column":12},"end":{"line":10,"column":32}},"6":{"start":{"line":11,"column":12},"end":{"line":21,"column":14}},"7":{"start":{"line":24,"column":12},"end":{"line":24,"column":58}},"8":{"start":{"line":27,"column":12},"end":{"line":27,"column":58}},"9":{"start":{"line":30,"column":27},"end":{"line":30,"column":29}},"10":{"start":{"line":31,"column":24},"end":{"line":46,"column":14}},"11":{"start":{"line":32,"column":16},"end":{"line":41,"column":19}},"12":{"start":{"line":33,"column":20},"end":{"line":40,"column":21}},"13":{"start":{"line":33,"column":88},"end":{"line":33,"column":117}},"14":{"start":{"line":34,"column":24},"end":{"line":36,"column":25}},"15":{"start":{"line":35,"column":28},"end":{"line":35,"column":48}},"16":{"start":{"line":37,"column":24},"end":{"line":37,"column":103}},"17":{"start":{"line":38,"column":24},"end":{"line":38,"column":45}},"18":{"start":{"line":39,"column":24},"end":{"line":39,"column":50}},"19":{"start":{"line":42,"column":16},"end":{"line":42,"column":52}},"20":{"start":{"line":45,"column":16},"end":{"line":45,"column":60}},"21":{"start":{"line":49,"column":27},"end":{"line":49,"column":29}},"22":{"start":{"line":50,"column":24},"end":{"line":50,"column":70}},"23":{"start":{"line":51,"column":24},"end":{"line":64,"column":14}},"24":{"start":{"line":52,"column":16},"end":{"line":59,"column":19}},"25":{"start":{"line":53,"column":20},"end":{"line":58,"column":21}},"26":{"start":{"line":53,"column":88},"end":{"line":53,"column":117}},"27":{"start":{"line":54,"column":24},"end":{"line":56,"column":25}},"28":{"start":{"line":55,"column":28},"end":{"line":55,"column":48}},"29":{"start":{"line":57,"column":24},"end":{"line":57,"column":50}},"30":{"start":{"line":60,"column":16},"end":{"line":60,"column":52}},"31":{"start":{"line":63,"column":16},"end":{"line":63,"column":60}},"32":{"start":{"line":67,"column":25},"end":{"line":67,"column":40}},"33":{"start":{"line":68,"column":12},"end":{"line":80,"column":13}},"34":{"start":{"line":69,"column":27},"end":{"line":69,"column":35}},"35":{"start":{"line":70,"column":16},"end":{"line":76,"column":19}},"36":{"start":{"line":71,"column":20},"end":{"line":71,"column":48}},"37":{"start":{"line":73,"column":20},"end":{"line":73,"column":59}},"38":{"start":{"line":74,"column":20},"end":{"line":74,"column":43}},"39":{"start":{"line":75,"column":20},"end":{"line":75,"column":59}},"40":{"start":{"line":79,"column":16},"end":{"line":79,"column":72}},"41":{"start":{"line":83,"column":25},"end":{"line":83,"column":40}},"42":{"start":{"line":84,"column":12},"end":{"line":96,"column":13}},"43":{"start":{"line":85,"column":27},"end":{"line":85,"column":29}},"44":{"start":{"line":86,"column":16},"end":{"line":92,"column":19}},"45":{"start":{"line":87,"column":20},"end":{"line":87,"column":71}},"46":{"start":{"line":89,"column":20},"end":{"line":89,"column":62}},"47":{"start":{"line":90,"column":20},"end":{"line":90,"column":43}},"48":{"start":{"line":91,"column":20},"end":{"line":91,"column":59}},"49":{"start":{"line":95,"column":16},"end":{"line":95,"column":72}},"50":{"start":{"line":99,"column":27},"end":{"line":99,"column":44}},"51":{"start":{"line":100,"column":26},"end":{"line":100,"column":42}},"52":{"start":{"line":101,"column":12},"end":{"line":103,"column":13}},"53":{"start":{"line":102,"column":27},"end":{"line":102,"column":39}},"54":{"start":{"line":105,"column":12},"end":{"line":107,"column":13}},"55":{"start":{"line":106,"column":31},"end":{"line":106,"column":47}},"56":{"start":{"line":109,"column":12},"end":{"line":134,"column":13}},"57":{"start":{"line":110,"column":16},"end":{"line":130,"column":19}},"58":{"start":{"line":111,"column":20},"end":{"line":125,"column":21}},"59":{"start":{"line":112,"column":36},"end":{"line":112,"column":49}},"60":{"start":{"line":113,"column":36},"end":{"line":113,"column":82}},"61":{"start":{"line":114,"column":38},"end":{"line":114,"column":81}},"62":{"start":{"line":115,"column":24},"end":{"line":121,"column":27}},"63":{"start":{"line":116,"column":28},"end":{"line":116,"column":79}},"64":{"start":{"line":118,"column":28},"end":{"line":118,"column":76}},"65":{"start":{"line":119,"column":28},"end":{"line":119,"column":51}},"66":{"start":{"line":120,"column":28},"end":{"line":120,"column":67}},"67":{"start":{"line":124,"column":24},"end":{"line":124,"column":75}},"68":{"start":{"line":127,"column":20},"end":{"line":127,"column":62}},"69":{"start":{"line":128,"column":20},"end":{"line":128,"column":43}},"70":{"start":{"line":129,"column":20},"end":{"line":129,"column":59}},"71":{"start":{"line":133,"column":16},"end":{"line":133,"column":97}},"72":{"start":{"line":137,"column":25},"end":{"line":137,"column":40}},"73":{"start":{"line":138,"column":26},"end":{"line":138,"column":42}},"74":{"start":{"line":139,"column":12},"end":{"line":141,"column":13}},"75":{"start":{"line":140,"column":27},"end":{"line":140,"column":39}},"76":{"start":{"line":143,"column":12},"end":{"line":168,"column":13}},"77":{"start":{"line":144,"column":16},"end":{"line":164,"column":19}},"78":{"start":{"line":145,"column":20},"end":{"line":159,"column":21}},"79":{"start":{"line":146,"column":36},"end":{"line":146,"column":49}},"80":{"start":{"line":147,"column":36},"end":{"line":147,"column":82}},"81":{"start":{"line":148,"column":38},"end":{"line":148,"column":81}},"82":{"start":{"line":149,"column":24},"end":{"line":155,"column":27}},"83":{"start":{"line":150,"column":28},"end":{"line":150,"column":79}},"84":{"start":{"line":152,"column":28},"end":{"line":152,"column":76}},"85":{"start":{"line":153,"column":28},"end":{"line":153,"column":51}},"86":{"start":{"line":154,"column":28},"end":{"line":154,"column":67}},"87":{"start":{"line":158,"column":24},"end":{"line":158,"column":58}},"88":{"start":{"line":161,"column":20},"end":{"line":161,"column":70}},"89":{"start":{"line":162,"column":20},"end":{"line":162,"column":43}},"90":{"start":{"line":163,"column":20},"end":{"line":163,"column":59}},"91":{"start":{"line":167,"column":16},"end":{"line":167,"column":85}},"92":{"start":{"line":171,"column":31},"end":{"line":171,"column":45}},"93":{"start":{"line":172,"column":25},"end":{"line":172,"column":40}},"94":{"start":{"line":173,"column":12},"end":{"line":186,"column":13}},"95":{"start":{"line":174,"column":28},"end":{"line":174,"column":74}},"96":{"start":{"line":175,"column":30},"end":{"line":175,"column":80}},"97":{"start":{"line":176,"column":16},"end":{"line":182,"column":19}},"98":{"start":{"line":177,"column":20},"end":{"line":177,"column":54}},"99":{"start":{"line":179,"column":20},"end":{"line":179,"column":68}},"100":{"start":{"line":180,"column":20},"end":{"line":180,"column":43}},"101":{"start":{"line":181,"column":20},"end":{"line":181,"column":59}},"102":{"start":{"line":185,"column":16},"end":{"line":185,"column":85}},"103":{"start":{"line":189,"column":4},"end":{"line":189,"column":30}},"104":{"start":{"line":191,"column":0},"end":{"line":191,"column":51}}},"fnMap":{"0":{"name":"(anonymous_0)","decl":{"start":{"line":7,"column":1},"end":{"line":7,"column":2}},"loc":{"start":{"line":7,"column":24},"end":{"line":190,"column":1}},"line":7},"1":{"name":"(anonymous_1)","decl":{"start":{"line":9,"column":8},"end":{"line":9,"column":9}},"loc":{"start":{"line":9,"column":22},"end":{"line":22,"column":9}},"line":9},"2":{"name":"(anonymous_2)","decl":{"start":{"line":23,"column":8},"end":{"line":23,"column":9}},"loc":{"start":{"line":23,"column":29},"end":{"line":25,"column":9}},"line":23},"3":{"name":"(anonymous_3)","decl":{"start":{"line":26,"column":8},"end":{"line":26,"column":9}},"loc":{"start":{"line":26,"column":29},"end":{"line":28,"column":9}},"line":26},"4":{"name":"(anonymous_4)","decl":{"start":{"line":29,"column":8},"end":{"line":29,"column":9}},"loc":{"start":{"line":29,"column":27},"end":{"line":47,"column":9}},"line":29},"5":{"name":"(anonymous_5)","decl":{"start":{"line":31,"column":56},"end":{"line":31,"column":57}},"loc":{"start":{"line":31,"column":65},"end":{"line":43,"column":13}},"line":31},"6":{"name":"(anonymous_6)","decl":{"start":{"line":32,"column":29},"end":{"line":32,"column":30}},"loc":{"start":{"line":32,"column":39},"end":{"line":41,"column":17}},"line":32},"7":{"name":"(anonymous_7)","decl":{"start":{"line":33,"column":72},"end":{"line":33,"column":73}},"loc":{"start":{"line":33,"column":86},"end":{"line":33,"column":119}},"line":33},"8":{"name":"(anonymous_8)","decl":{"start":{"line":44,"column":27},"end":{"line":44,"column":28}},"loc":{"start":{"line":44,"column":39},"end":{"line":46,"column":13}},"line":44},"9":{"name":"(anonymous_9)","decl":{"start":{"line":48,"column":8},"end":{"line":48,"column":9}},"loc":{"start":{"line":48,"column":32},"end":{"line":65,"column":9}},"line":48},"10":{"name":"(anonymous_10)","decl":{"start":{"line":51,"column":70},"end":{"line":51,"column":71}},"loc":{"start":{"line":51,"column":79},"end":{"line":61,"column":13}},"line":51},"11":{"name":"(anonymous_11)","decl":{"start":{"line":52,"column":29},"end":{"line":52,"column":30}},"loc":{"start":{"line":52,"column":39},"end":{"line":59,"column":17}},"line":52},"12":{"name":"(anonymous_12)","decl":{"start":{"line":53,"column":72},"end":{"line":53,"column":73}},"loc":{"start":{"line":53,"column":86},"end":{"line":53,"column":119}},"line":53},"13":{"name":"(anonymous_13)","decl":{"start":{"line":62,"column":27},"end":{"line":62,"column":28}},"loc":{"start":{"line":62,"column":39},"end":{"line":64,"column":13}},"line":62},"14":{"name":"(anonymous_14)","decl":{"start":{"line":66,"column":8},"end":{"line":66,"column":9}},"loc":{"start":{"line":66,"column":34},"end":{"line":81,"column":9}},"line":66},"15":{"name":"(anonymous_15)","decl":{"start":{"line":70,"column":64},"end":{"line":70,"column":65}},"loc":{"start":{"line":70,"column":72},"end":{"line":72,"column":17}},"line":70},"16":{"name":"(anonymous_16)","decl":{"start":{"line":72,"column":19},"end":{"line":72,"column":20}},"loc":{"start":{"line":72,"column":28},"end":{"line":76,"column":17}},"line":72},"17":{"name":"(anonymous_17)","decl":{"start":{"line":82,"column":8},"end":{"line":82,"column":9}},"loc":{"start":{"line":82,"column":32},"end":{"line":97,"column":9}},"line":82},"18":{"name":"(anonymous_18)","decl":{"start":{"line":86,"column":64},"end":{"line":86,"column":65}},"loc":{"start":{"line":86,"column":72},"end":{"line":88,"column":17}},"line":86},"19":{"name":"(anonymous_19)","decl":{"start":{"line":88,"column":19},"end":{"line":88,"column":20}},"loc":{"start":{"line":88,"column":28},"end":{"line":92,"column":17}},"line":88},"20":{"name":"(anonymous_20)","decl":{"start":{"line":98,"column":8},"end":{"line":98,"column":9}},"loc":{"start":{"line":98,"column":31},"end":{"line":135,"column":9}},"line":98},"21":{"name":"(anonymous_21)","decl":{"start":{"line":110,"column":93},"end":{"line":110,"column":94}},"loc":{"start":{"line":110,"column":101},"end":{"line":126,"column":17}},"line":110},"22":{"name":"(anonymous_22)","decl":{"start":{"line":115,"column":81},"end":{"line":115,"column":82}},"loc":{"start":{"line":115,"column":89},"end":{"line":117,"column":25}},"line":115},"23":{"name":"(anonymous_23)","decl":{"start":{"line":117,"column":27},"end":{"line":117,"column":28}},"loc":{"start":{"line":117,"column":36},"end":{"line":121,"column":25}},"line":117},"24":{"name":"(anonymous_24)","decl":{"start":{"line":126,"column":19},"end":{"line":126,"column":20}},"loc":{"start":{"line":126,"column":28},"end":{"line":130,"column":17}},"line":126},"25":{"name":"(anonymous_25)","decl":{"start":{"line":136,"column":8},"end":{"line":136,"column":9}},"loc":{"start":{"line":136,"column":36},"end":{"line":169,"column":9}},"line":136},"26":{"name":"(anonymous_26)","decl":{"start":{"line":144,"column":104},"end":{"line":144,"column":105}},"loc":{"start":{"line":144,"column":112},"end":{"line":160,"column":17}},"line":144},"27":{"name":"(anonymous_27)","decl":{"start":{"line":149,"column":80},"end":{"line":149,"column":81}},"loc":{"start":{"line":149,"column":88},"end":{"line":151,"column":25}},"line":149},"28":{"name":"(anonymous_28)","decl":{"start":{"line":151,"column":27},"end":{"line":151,"column":28}},"loc":{"start":{"line":151,"column":36},"end":{"line":155,"column":25}},"line":151},"29":{"name":"(anonymous_29)","decl":{"start":{"line":160,"column":19},"end":{"line":160,"column":20}},"loc":{"start":{"line":160,"column":28},"end":{"line":164,"column":17}},"line":160},"30":{"name":"(anonymous_30)","decl":{"start":{"line":170,"column":8},"end":{"line":170,"column":9}},"loc":{"start":{"line":170,"column":34},"end":{"line":187,"column":9}},"line":170},"31":{"name":"(anonymous_31)","decl":{"start":{"line":176,"column":72},"end":{"line":176,"column":73}},"loc":{"start":{"line":176,"column":80},"end":{"line":178,"column":17}},"line":176},"32":{"name":"(anonymous_32)","decl":{"start":{"line":178,"column":19},"end":{"line":178,"column":20}},"loc":{"start":{"line":178,"column":28},"end":{"line":182,"column":17}},"line":178}},"branchMap":{"0":{"loc":{"start":{"line":33,"column":20},"end":{"line":40,"column":21}},"type":"if","locations":[{"start":{"line":33,"column":20},"end":{"line":40,"column":21}},{"start":{"line":33,"column":20},"end":{"line":40,"column":21}}],"line":33},"1":{"loc":{"start":{"line":34,"column":24},"end":{"line":36,"column":25}},"type":"if","locations":[{"start":{"line":34,"column":24},"end":{"line":36,"column":25}},{"start":{"line":34,"column":24},"end":{"line":36,"column":25}}],"line":34},"2":{"loc":{"start":{"line":37,"column":37},"end":{"line":37,"column":102}},"type":"cond-expr","locations":[{"start":{"line":37,"column":61},"end":{"line":37,"column":65}},{"start":{"line":37,"column":68},"end":{"line":37,"column":102}}],"line":37},"3":{"loc":{"start":{"line":53,"column":20},"end":{"line":58,"column":21}},"type":"if","locations":[{"start":{"line":53,"column":20},"end":{"line":58,"column":21}},{"start":{"line":53,"column":20},"end":{"line":58,"column":21}}],"line":53},"4":{"loc":{"start":{"line":54,"column":24},"end":{"line":56,"column":25}},"type":"if","locations":[{"start":{"line":54,"column":24},"end":{"line":56,"column":25}},{"start":{"line":54,"column":24},"end":{"line":56,"column":25}}],"line":54},"5":{"loc":{"start":{"line":68,"column":12},"end":{"line":80,"column":13}},"type":"if","locations":[{"start":{"line":68,"column":12},"end":{"line":80,"column":13}},{"start":{"line":68,"column":12},"end":{"line":80,"column":13}}],"line":68},"6":{"loc":{"start":{"line":84,"column":12},"end":{"line":96,"column":13}},"type":"if","locations":[{"start":{"line":84,"column":12},"end":{"line":96,"column":13}},{"start":{"line":84,"column":12},"end":{"line":96,"column":13}}],"line":84},"7":{"loc":{"start":{"line":101,"column":12},"end":{"line":103,"column":13}},"type":"if","locations":[{"start":{"line":101,"column":12},"end":{"line":103,"column":13}},{"start":{"line":101,"column":12},"end":{"line":103,"column":13}}],"line":101},"8":{"loc":{"start":{"line":105,"column":12},"end":{"line":107,"column":13}},"type":"if","locations":[{"start":{"line":105,"column":12},"end":{"line":107,"column":13}},{"start":{"line":105,"column":12},"end":{"line":107,"column":13}}],"line":105},"9":{"loc":{"start":{"line":109,"column":12},"end":{"line":134,"column":13}},"type":"if","locations":[{"start":{"line":109,"column":12},"end":{"line":134,"column":13}},{"start":{"line":109,"column":12},"end":{"line":134,"column":13}}],"line":109},"10":{"loc":{"start":{"line":109,"column":16},"end":{"line":109,"column":44}},"type":"binary-expr","locations":[{"start":{"line":109,"column":16},"end":{"line":109,"column":24}},{"start":{"line":109,"column":28},"end":{"line":109,"column":32}},{"start":{"line":109,"column":36},"end":{"line":109,"column":44}}],"line":109},"11":{"loc":{"start":{"line":111,"column":20},"end":{"line":125,"column":21}},"type":"if","locations":[{"start":{"line":111,"column":20},"end":{"line":125,"column":21}},{"start":{"line":111,"column":20},"end":{"line":125,"column":21}}],"line":111},"12":{"loc":{"start":{"line":139,"column":12},"end":{"line":141,"column":13}},"type":"if","locations":[{"start":{"line":139,"column":12},"end":{"line":141,"column":13}},{"start":{"line":139,"column":12},"end":{"line":141,"column":13}}],"line":139},"13":{"loc":{"start":{"line":143,"column":12},"end":{"line":168,"column":13}},"type":"if","locations":[{"start":{"line":143,"column":12},"end":{"line":168,"column":13}},{"start":{"line":143,"column":12},"end":{"line":168,"column":13}}],"line":143},"14":{"loc":{"start":{"line":143,"column":16},"end":{"line":143,"column":30}},"type":"binary-expr","locations":[{"start":{"line":143,"column":16},"end":{"line":143,"column":22}},{"start":{"line":143,"column":26},"end":{"line":143,"column":30}}],"line":143},"15":{"loc":{"start":{"line":145,"column":20},"end":{"line":159,"column":21}},"type":"if","locations":[{"start":{"line":145,"column":20},"end":{"line":159,"column":21}},{"start":{"line":145,"column":20},"end":{"line":159,"column":21}}],"line":145},"16":{"loc":{"start":{"line":173,"column":12},"end":{"line":186,"column":13}},"type":"if","locations":[{"start":{"line":173,"column":12},"end":{"line":186,"column":13}},{"start":{"line":173,"column":12},"end":{"line":186,"column":13}}],"line":173},"17":{"loc":{"start":{"line":173,"column":16},"end":{"line":173,"column":38}},"type":"binary-expr","locations":[{"start":{"line":173,"column":16},"end":{"line":173,"column":22}},{"start":{"line":173,"column":26},"end":{"line":173,"column":38}}],"line":173},"18":{"loc":{"start":{"line":190,"column":17},"end":{"line":190,"column":66}},"type":"binary-expr","locations":[{"start":{"line":190,"column":17},"end":{"line":190,"column":36}},{"start":{"line":190,"column":41},"end":{"line":190,"column":65}}],"line":190}},"s":{"0":0,"1":0,"2":0,"3":0,"4":0,"5":0,"6":0,"7":0,"8":0,"9":0,"10":0,"11":0,"12":0,"13":0,"14":0,"15":0,"16":0,"17":0,"18":0,"19":0,"20":0,"21":0,"22":0,"23":0,"24":0,"25":0,"26":0,"27":0,"28":0,"29":0,"30":0,"31":0,"32":0,"33":0,"34":0,"35":0,"36":0,"37":0,"38":0,"39":0,"40":0,"41":0,"42":0,"43":0,"44":0,"45":0,"46":0,"47":0,"48":0,"49":0,"50":0,"51":0,"52":0,"53":0,"54":0,"55":0,"56":0,"57":0,"58":0,"59":0,"60":0,"61":0,"62":0,"63":0,"64":0,"65":0,"66":0,"67":0,"68":0,"69":0,"70":0,"71":0,"72":0,"73":0,"74":0,"75":0,"76":0,"77":0,"78":0,"79":0,"80":0,"81":0,"82":0,"83":0,"84":0,"85":0,"86":0,"87":0,"88":0,"89":0,"90":0,"91":0,"92":0,"93":0,"94":0,"95":0,"96":0,"97":0,"98":0,"99":0,"100":0,"101":0,"102":0,"103":0,"104":0},"f":{"0":0,"1":0,"2":0,"3":0,"4":0,"5":0,"6":0,"7":0,"8":0,"9":0,"10":0,"11":0,"12":0,"13":0,"14":0,"15":0,"16":0,"17":0,"18":0,"19":0,"20":0,"21":0,"22":0,"23":0,"24":0,"25":0,"26":0,"27":0,"28":0,"29":0,"30":0,"31":0,"32":0},"b":{"0":[0,0],"1":[0,0],"2":[0,0],"3":[0,0],"4":[0,0],"5":[0,0],"6":[0,0],"7":[0,0],"8":[0,0],"9":[0,0],"10":[0,0,0],"11":[0,0],"12":[0,0],"13":[0,0],"14":[0,0],"15":[0,0],"16":[0,0],"17":[0,0],"18":[0,0]},"inputSourceMap":{"version":3,"file":"AdminController.js","sourceRoot":"","sources":["../../typescript/api/controllers/AdminController.ts"],"names":[],"mappings":";;AAuBA,gCAAqC;AACrC,kCAAkC;AAGlC,wDAAyD;AAEzD,IAAc,WAAW,CAmNxB;AAnND,WAAc,WAAW;IAMvB,WAAmB,SAAQ,UAAU,CAAC,WAAW,CAAC,IAAI,CAAC,UAAU;QAAjE;;YAKY,qBAAgB,GAAQ;gBAC9B,YAAY;gBACZ,YAAY;gBACZ,eAAe;gBACf,UAAU;gBACV,iBAAiB;gBACjB,mBAAmB;gBACnB,cAAc;gBACd,iBAAiB;gBACjB,eAAe;aAClB,CAAC;QA6LJ,CAAC;QA9KQ,UAAU,CAAC,GAAG,EAAE,GAAG;YACxB,OAAO,IAAI,CAAC,QAAQ,CAAC,GAAG,EAAE,GAAG,EAAE,aAAa,CAAC,CAAC;QAChD,CAAC;QAEM,UAAU,CAAC,GAAG,EAAE,GAAG;YACxB,OAAO,IAAI,CAAC,QAAQ,CAAC,GAAG,EAAE,GAAG,EAAE,aAAa,CAAC,CAAC;QAChD,CAAC;QAEM,QAAQ,CAAC,GAAG,EAAE,GAAG;YACtB,IAAI,QAAQ,GAAO,EAAE,CAAC;YACtB,IAAI,KAAK,GAAG,YAAY,CAAC,QAAQ,EAAE,CAAC,OAAO,CAAC,KAAK,CAAC,EAAE;gBAClD,CAAC,CAAC,GAAG,CAAC,KAAK,EAAE,CAAC,IAAI,EAAE,EAAE;oBACpB,IAAI,CAAC,CAAC,OAAO,CAAC,CAAC,CAAC,IAAI,CAAC,KAAK,CAAC,MAAM,CAAC,IAAI,CAAC,WAAW,EAAE,CAAC,QAAQ,EAAE,EAAE,GAAG,OAAO,QAAQ,IAAI,IAAI,CAAC,IAAI,CAAA,CAAC,CAAC,CAAC,CAAC,EAAE;wBAEpG,IAAI,CAAC,CAAC,OAAO,CAAC,QAAQ,CAAC,KAAK,CAAC,EAAE;4BAC7B,QAAQ,CAAC,KAAK,GAAG,EAAE,CAAC;yBACrB;wBAED,IAAI,CAAC,KAAK,GAAG,CAAC,CAAC,OAAO,CAAC,IAAI,CAAC,KAAK,CAAC,CAAC,CAAC,CAAC,IAAI,CAAC,CAAC,CAAC,kCAAkC,CAAC;wBAE/E,OAAO,IAAI,CAAC,QAAQ,CAAC;wBACrB,QAAQ,CAAC,KAAK,CAAC,IAAI,CAAC,IAAI,CAAC,CAAC;qBAC3B;gBACH,CAAC,CAAC,CAAC;gBACH,OAAO,eAAU,CAAC,EAAE,CAAC,QAAQ,CAAC,CAAC;YACjC,CAAC,CAAC;iBACD,SAAS,CAAC,QAAQ,CAAC,EAAE;gBACpB,IAAI,CAAC,MAAM,CAAC,GAAG,EAAE,GAAG,EAAE,IAAI,EAAE,QAAQ,CAAC,KAAK,CAAC,CAAC;YAC9C,CAAC,CAAC,CAAC;QACL,CAAC;QAEM,aAAa,CAAC,GAAG,EAAE,GAAG;YAE3B,IAAI,QAAQ,GAAO,EAAE,CAAC;YACtB,IAAI,KAAK,GAAG,eAAe,CAAC,QAAQ,CAAC,GAAG,CAAC,OAAO,CAAC,QAAQ,CAAC,CAAC;YAC3D,IAAI,KAAK,GAAG,YAAY,CAAC,iBAAiB,CAAC,KAAK,CAAC,CAAC,OAAO,CAAC,KAAK,CAAC,EAAE;gBAChE,CAAC,CAAC,GAAG,CAAC,KAAK,EAAE,CAAC,IAAI,EAAE,EAAE;oBACpB,IAAI,CAAC,CAAC,OAAO,CAAC,CAAC,CAAC,IAAI,CAAC,KAAK,CAAC,MAAM,CAAC,IAAI,CAAC,WAAW,EAAE,CAAC,QAAQ,EAAE,EAAE,GAAG,OAAO,QAAQ,IAAI,IAAI,CAAC,IAAI,CAAA,CAAC,CAAC,CAAC,CAAC,EAAE;wBAEpG,IAAI,CAAC,CAAC,OAAO,CAAC,QAAQ,CAAC,KAAK,CAAC,EAAE;4BAC7B,QAAQ,CAAC,KAAK,GAAG,EAAE,CAAC;yBACrB;wBACD,QAAQ,CAAC,KAAK,CAAC,IAAI,CAAC,IAAI,CAAC,CAAC;qBAC3B;gBACH,CAAC,CAAC,CAAC;gBACH,OAAO,eAAU,CAAC,EAAE,CAAC,QAAQ,CAAC,CAAC;YACjC,CAAC,CAAC;iBACD,SAAS,CAAC,QAAQ,CAAC,EAAE;gBACpB,IAAI,CAAC,MAAM,CAAC,GAAG,EAAE,GAAG,EAAE,IAAI,EAAE,QAAQ,CAAC,KAAK,CAAC,CAAC;YAC9C,CAAC,CAAC,CAAC;QACL,CAAC;QAEM,eAAe,CAAC,GAAG,EAAE,GAAG;YAC7B,IAAI,MAAM,GAAG,GAAG,CAAC,IAAI,CAAC,MAAM,CAAC;YAC7B,IAAI,MAAM,EAAE;gBACV,IAAI,IAAI,GAAG,MAAM,EAAE,CAAC;gBACpB,YAAY,CAAC,UAAU,CAAC,MAAM,EAAE,IAAI,CAAC,CAAC,SAAS,CAAC,IAAI,CAAC,EAAE;oBACrD,IAAI,CAAC,MAAM,CAAC,GAAG,EAAE,GAAG,EAAE,IAAI,CAAC,CAAA;gBAC7B,CAAC,EAAE,KAAK,CAAC,EAAE;oBACT,KAAK,CAAC,GAAG,CAAC,KAAK,CAAC,qBAAqB,CAAC,CAAC;oBACvC,KAAK,CAAC,GAAG,CAAC,KAAK,CAAC,KAAK,CAAC,CAAC;oBACvB,IAAI,CAAC,QAAQ,CAAC,GAAG,EAAE,GAAG,EAAE,KAAK,CAAC,OAAO,CAAC,CAAC;gBACzC,CAAC,CAAC,CAAC;aACJ;iBACI;gBACH,OAAO,IAAI,CAAC,QAAQ,CAAC,GAAG,EAAE,GAAG,EAAE,uBAAuB,CAAC,CAAC;aACzD;QACH,CAAC;QAEM,aAAa,CAAC,GAAG,EAAE,GAAG;YAC3B,IAAI,MAAM,GAAG,GAAG,CAAC,IAAI,CAAC,MAAM,CAAC;YAC7B,IAAI,MAAM,EAAE;gBACV,IAAI,IAAI,GAAG,EAAE,CAAC;gBACd,YAAY,CAAC,UAAU,CAAC,MAAM,EAAE,IAAI,CAAC,CAAC,SAAS,CAAC,IAAI,CAAC,EAAE;oBACrD,IAAI,CAAC,MAAM,CAAC,GAAG,EAAE,GAAG,EAAE,2BAA2B,CAAC,CAAA;gBACpD,CAAC,EAAE,KAAK,CAAC,EAAE;oBACT,KAAK,CAAC,GAAG,CAAC,KAAK,CAAC,wBAAwB,CAAC,CAAC;oBAC1C,KAAK,CAAC,GAAG,CAAC,KAAK,CAAC,KAAK,CAAC,CAAC;oBACvB,IAAI,CAAC,QAAQ,CAAC,GAAG,EAAE,GAAG,EAAE,KAAK,CAAC,OAAO,CAAC,CAAC;gBACzC,CAAC,CAAC,CAAC;aACJ;iBACI;gBACH,OAAO,IAAI,CAAC,QAAQ,CAAC,GAAG,EAAE,GAAG,EAAE,uBAAuB,CAAC,CAAC;aACzD;QACH,CAAC;QAEM,YAAY,CAAC,GAAG,EAAE,GAAG;YAC1B,IAAI,QAAQ,GAAG,GAAG,CAAC,IAAI,CAAC,QAAQ,CAAC;YACjC,IAAI,OAAO,GAAG,GAAG,CAAC,IAAI,CAAC,OAAO,CAAC;YAC/B,IAAI,OAAO,CAAC,IAAI,EAAE;gBAAE,IAAI,IAAI,GAAG,OAAO,CAAC,IAAI,CAAA;aAAE;YAAA,CAAC;YAC9C,IAAI,OAAO,CAAC,QAAQ,EAAE;gBAAE,IAAI,QAAQ,GAAG,OAAO,CAAC,QAAQ,CAAA;aAAE;YAAA,CAAC;YAC1D,IAAI,QAAQ,IAAI,IAAI,IAAI,QAAQ,EAAE;gBAChC,YAAY,CAAC,YAAY,CAAC,QAAQ,EAAE,IAAI,EAAE,OAAO,CAAC,KAAK,EAAE,QAAQ,CAAC,CAAC,SAAS,CAAC,IAAI,CAAC,EAAE;oBAClF,IAAI,OAAO,CAAC,KAAK,EAAE;wBACjB,IAAI,KAAK,GAAG,OAAO,CAAC,KAAK,CAAC;wBAC1B,IAAI,KAAK,GAAG,eAAe,CAAC,QAAQ,CAAC,GAAG,CAAC,OAAO,CAAC,QAAQ,CAAC,CAAC;wBAC3D,IAAI,OAAO,GAAG,YAAY,CAAC,UAAU,CAAC,KAAK,CAAC,KAAK,EAAE,KAAK,CAAC,CAAC;wBAC1D,YAAY,CAAC,eAAe,CAAC,IAAI,CAAC,EAAE,EAAE,OAAO,CAAC,CAAC,SAAS,CAAC,IAAI,CAAC,EAAE;4BAC9D,IAAI,CAAC,MAAM,CAAC,GAAG,EAAE,GAAG,EAAE,2BAA2B,CAAC,CAAC;wBACrD,CAAC,EAAE,KAAK,CAAC,EAAE;4BACT,KAAK,CAAC,GAAG,CAAC,KAAK,CAAC,8BAA8B,CAAC,CAAC;4BAChD,KAAK,CAAC,GAAG,CAAC,KAAK,CAAC,KAAK,CAAC,CAAC;4BACvB,IAAI,CAAC,QAAQ,CAAC,GAAG,EAAE,GAAG,EAAE,KAAK,CAAC,OAAO,CAAC,CAAC;wBACzC,CAAC,CAAC,CAAC;qBACJ;yBAAM;wBACL,IAAI,CAAC,MAAM,CAAC,GAAG,EAAE,GAAG,EAAE,2BAA2B,CAAC,CAAC;qBACpD;gBACH,CAAC,EAAE,KAAK,CAAC,EAAE;oBACT,KAAK,CAAC,GAAG,CAAC,KAAK,CAAC,wBAAwB,CAAC,CAAC;oBAC1C,KAAK,CAAC,GAAG,CAAC,KAAK,CAAC,KAAK,CAAC,CAAC;oBACvB,IAAI,CAAC,QAAQ,CAAC,GAAG,EAAE,GAAG,EAAE,KAAK,CAAC,OAAO,CAAC,CAAC;gBACzC,CAAC,CAAC,CAAC;aACJ;iBAAM;gBACL,IAAI,CAAC,QAAQ,CAAC,GAAG,EAAE,GAAG,EAAE,uDAAuD,CAAC,CAAC;aAClF;QACH,CAAC;QAEM,iBAAiB,CAAC,GAAG,EAAE,GAAG;YAC/B,IAAI,MAAM,GAAG,GAAG,CAAC,IAAI,CAAC,MAAM,CAAC;YAC7B,IAAI,OAAO,GAAG,GAAG,CAAC,IAAI,CAAC,OAAO,CAAC;YAC/B,IAAI,OAAO,CAAC,IAAI,EAAE;gBAAE,IAAI,IAAI,GAAG,OAAO,CAAC,IAAI,CAAA;aAAE;YAAA,CAAC;YAC9C,IAAI,MAAM,IAAI,IAAI,EAAE;gBAClB,YAAY,CAAC,iBAAiB,CAAC,MAAM,EAAE,IAAI,EAAE,OAAO,CAAC,KAAK,EAAE,OAAO,CAAC,QAAQ,CAAC,CAAC,SAAS,CAAC,IAAI,CAAC,EAAE;oBAC7F,IAAI,OAAO,CAAC,KAAK,EAAE;wBACjB,IAAI,KAAK,GAAG,OAAO,CAAC,KAAK,CAAC;wBAC1B,IAAI,KAAK,GAAG,eAAe,CAAC,QAAQ,CAAC,GAAG,CAAC,OAAO,CAAC,QAAQ,CAAC,CAAC;wBAC3D,IAAI,OAAO,GAAG,YAAY,CAAC,UAAU,CAAC,KAAK,CAAC,KAAK,EAAE,KAAK,CAAC,CAAC;wBAC1D,YAAY,CAAC,eAAe,CAAC,MAAM,EAAE,OAAO,CAAC,CAAC,SAAS,CAAC,IAAI,CAAC,EAAE;4BAC7D,IAAI,CAAC,MAAM,CAAC,GAAG,EAAE,GAAG,EAAE,2BAA2B,CAAC,CAAC;wBACrD,CAAC,EAAE,KAAK,CAAC,EAAE;4BACT,KAAK,CAAC,GAAG,CAAC,KAAK,CAAC,8BAA8B,CAAC,CAAC;4BAChD,KAAK,CAAC,GAAG,CAAC,KAAK,CAAC,KAAK,CAAC,CAAC;4BACvB,IAAI,CAAC,QAAQ,CAAC,GAAG,EAAE,GAAG,EAAE,KAAK,CAAC,OAAO,CAAC,CAAC;wBACzC,CAAC,CAAC,CAAC;qBACJ;yBAAM;wBACL,IAAI,CAAC,MAAM,CAAC,GAAG,EAAE,GAAG,EAAE,UAAU,CAAC,CAAC;qBACnC;gBACH,CAAC,EAAE,KAAK,CAAC,EAAE;oBACT,KAAK,CAAC,GAAG,CAAC,KAAK,CAAC,gCAAgC,CAAC,CAAC;oBAClD,KAAK,CAAC,GAAG,CAAC,KAAK,CAAC,KAAK,CAAC,CAAC;oBACvB,IAAI,CAAC,QAAQ,CAAC,GAAG,EAAE,GAAG,EAAE,KAAK,CAAC,OAAO,CAAC,CAAC;gBACzC,CAAC,CAAC,CAAC;aACJ;iBAAM;gBACL,IAAI,CAAC,QAAQ,CAAC,GAAG,EAAE,GAAG,EAAE,2CAA2C,CAAC,CAAC;aACtE;QACH,CAAC;QAKM,eAAe,CAAC,GAAG,EAAE,GAAG;YAC7B,IAAI,YAAY,GAAG,GAAG,CAAC,IAAI,CAAC,KAAK,CAAC;YAClC,IAAI,MAAM,GAAG,GAAG,CAAC,IAAI,CAAC,MAAM,CAAC;YAC7B,IAAI,MAAM,IAAI,YAAY,EAAE;gBAE1B,IAAI,KAAK,GAAG,eAAe,CAAC,QAAQ,CAAC,GAAG,CAAC,OAAO,CAAC,QAAQ,CAAC,CAAC;gBAC3D,IAAI,OAAO,GAAG,YAAY,CAAC,UAAU,CAAC,KAAK,CAAC,KAAK,EAAE,YAAY,CAAC,CAAA;gBAChE,YAAY,CAAC,eAAe,CAAC,MAAM,EAAE,OAAO,CAAC,CAAC,SAAS,CAAC,IAAI,CAAC,EAAE;oBAC7D,IAAI,CAAC,MAAM,CAAC,GAAG,EAAE,GAAG,EAAE,UAAU,CAAC,CAAC;gBACpC,CAAC,EAAE,KAAK,CAAC,EAAE;oBACT,KAAK,CAAC,GAAG,CAAC,KAAK,CAAC,8BAA8B,CAAC,CAAC;oBAChD,KAAK,CAAC,GAAG,CAAC,KAAK,CAAC,KAAK,CAAC,CAAC;oBACvB,IAAI,CAAC,QAAQ,CAAC,GAAG,EAAE,GAAG,EAAE,KAAK,CAAC,OAAO,CAAC,CAAC;gBACzC,CAAC,CAAC,CAAC;aACJ;iBAAM;gBACL,IAAI,CAAC,QAAQ,CAAC,GAAG,EAAE,GAAG,EAAE,2CAA2C,CAAC,CAAC;aACtE;QACH,CAAC;KAOF;IA5MY,iBAAK,QA4MjB,CAAA;AACH,CAAC,EAnNa,WAAW,GAAX,mBAAW,KAAX,mBAAW,QAmNxB;AAED,MAAM,CAAC,OAAO,GAAG,IAAI,WAAW,CAAC,KAAK,EAAE,CAAC,OAAO,EAAE,CAAC"},"all":true},"/opt/redbox-portal/api/controllers/AsynchController.js":{"path":"/opt/redbox-portal/api/controllers/AsynchController.js","statementMap":{"0":{"start":{"line":2,"column":0},"end":{"line":2,"column":62}},"1":{"start":{"line":3,"column":19},"end":{"line":3,"column":55}},"2":{"start":{"line":5,"column":0},"end":{"line":134,"column":68}},"3":{"start":{"line":8,"column":12},"end":{"line":8,"column":32}},"4":{"start":{"line":9,"column":12},"end":{"line":17,"column":14}},"5":{"start":{"line":20,"column":12},"end":{"line":20,"column":59}},"6":{"start":{"line":23,"column":32},"end":{"line":23,"column":70}},"7":{"start":{"line":24,"column":12},"end":{"line":27,"column":15}},"8":{"start":{"line":25,"column":16},"end":{"line":25,"column":55}},"9":{"start":{"line":26,"column":16},"end":{"line":26,"column":60}},"10":{"start":{"line":30,"column":23},"end":{"line":30,"column":38}},"11":{"start":{"line":31,"column":12},"end":{"line":34,"column":15}},"12":{"start":{"line":32,"column":16},"end":{"line":32,"column":57}},"13":{"start":{"line":33,"column":16},"end":{"line":33,"column":63}},"14":{"start":{"line":37,"column":23},"end":{"line":37,"column":38}},"15":{"start":{"line":38,"column":32},"end":{"line":38,"column":70}},"16":{"start":{"line":39,"column":12},"end":{"line":42,"column":15}},"17":{"start":{"line":40,"column":16},"end":{"line":40,"column":59}},"18":{"start":{"line":41,"column":16},"end":{"line":41,"column":63}},"19":{"start":{"line":45,"column":26},"end":{"line":45,"column":72}},"20":{"start":{"line":46,"column":29},"end":{"line":46,"column":46}},"21":{"start":{"line":47,"column":25},"end":{"line":47,"column":42}},"22":{"start":{"line":48,"column":30},"end":{"line":48,"column":58}},"23":{"start":{"line":49,"column":29},"end":{"line":49,"column":81}},"24":{"start":{"line":50,"column":27},"end":{"line":50,"column":37}},"25":{"start":{"line":51,"column":27},"end":{"line":51,"column":46}},"26":{"start":{"line":52,"column":32},"end":{"line":61,"column":13}},"27":{"start":{"line":62,"column":12},"end":{"line":64,"column":13}},"28":{"start":{"line":63,"column":16},"end":{"line":63,"column":63}},"29":{"start":{"line":65,"column":12},"end":{"line":67,"column":13}},"30":{"start":{"line":66,"column":16},"end":{"line":66,"column":65}},"31":{"start":{"line":68,"column":12},"end":{"line":68,"column":31}},"32":{"start":{"line":71,"column":23},"end":{"line":71,"column":53}},"33":{"start":{"line":72,"column":12},"end":{"line":74,"column":13}},"34":{"start":{"line":73,"column":16},"end":{"line":73,"column":81}},"35":{"start":{"line":75,"column":26},"end":{"line":75,"column":72}},"36":{"start":{"line":76,"column":12},"end":{"line":76,"column":41}},"37":{"start":{"line":77,"column":12},"end":{"line":79,"column":15}},"38":{"start":{"line":78,"column":16},"end":{"line":78,"column":60}},"39":{"start":{"line":82,"column":12},"end":{"line":84,"column":13}},"40":{"start":{"line":83,"column":16},"end":{"line":83,"column":36}},"41":{"start":{"line":85,"column":12},"end":{"line":85,"column":34}},"42":{"start":{"line":86,"column":12},"end":{"line":86,"column":33}},"43":{"start":{"line":87,"column":12},"end":{"line":87,"column":37}},"44":{"start":{"line":88,"column":12},"end":{"line":88,"column":22}},"45":{"start":{"line":91,"column":27},"end":{"line":91,"column":46}},"46":{"start":{"line":92,"column":12},"end":{"line":92,"column":53}},"47":{"start":{"line":93,"column":12},"end":{"line":95,"column":13}},"48":{"start":{"line":94,"column":16},"end":{"line":94,"column":40}},"49":{"start":{"line":96,"column":12},"end":{"line":106,"column":15}},"50":{"start":{"line":97,"column":16},"end":{"line":100,"column":17}},"51":{"start":{"line":98,"column":20},"end":{"line":98,"column":55}},"52":{"start":{"line":99,"column":20},"end":{"line":99,"column":96}},"53":{"start":{"line":101,"column":16},"end":{"line":101,"column":54}},"54":{"start":{"line":102,"column":16},"end":{"line":105,"column":25}},"55":{"start":{"line":109,"column":12},"end":{"line":111,"column":13}},"56":{"start":{"line":110,"column":16},"end":{"line":110,"column":40}},"57":{"start":{"line":112,"column":27},"end":{"line":112,"column":46}},"58":{"start":{"line":113,"column":12},"end":{"line":121,"column":15}},"59":{"start":{"line":114,"column":16},"end":{"line":116,"column":17}},"60":{"start":{"line":115,"column":20},"end":{"line":115,"column":97}},"61":{"start":{"line":117,"column":16},"end":{"line":120,"column":25}},"62":{"start":{"line":124,"column":12},"end":{"line":130,"column":13}},"63":{"start":{"line":125,"column":16},"end":{"line":125,"column":98}},"64":{"start":{"line":126,"column":16},"end":{"line":126,"column":85}},"65":{"start":{"line":127,"column":16},"end":{"line":129,"column":17}},"66":{"start":{"line":128,"column":20},"end":{"line":128,"column":131}},"67":{"start":{"line":133,"column":4},"end":{"line":133,"column":32}},"68":{"start":{"line":135,"column":0},"end":{"line":135,"column":52}}},"fnMap":{"0":{"name":"(anonymous_0)","decl":{"start":{"line":5,"column":1},"end":{"line":5,"column":2}},"loc":{"start":{"line":5,"column":24},"end":{"line":134,"column":1}},"line":5},"1":{"name":"(anonymous_1)","decl":{"start":{"line":7,"column":8},"end":{"line":7,"column":9}},"loc":{"start":{"line":7,"column":22},"end":{"line":18,"column":9}},"line":7},"2":{"name":"(anonymous_2)","decl":{"start":{"line":19,"column":8},"end":{"line":19,"column":9}},"loc":{"start":{"line":19,"column":24},"end":{"line":21,"column":9}},"line":19},"3":{"name":"(anonymous_3)","decl":{"start":{"line":22,"column":8},"end":{"line":22,"column":9}},"loc":{"start":{"line":22,"column":24},"end":{"line":28,"column":9}},"line":22},"4":{"name":"(anonymous_4)","decl":{"start":{"line":24,"column":56},"end":{"line":24,"column":57}},"loc":{"start":{"line":24,"column":68},"end":{"line":27,"column":13}},"line":24},"5":{"name":"(anonymous_5)","decl":{"start":{"line":29,"column":8},"end":{"line":29,"column":9}},"loc":{"start":{"line":29,"column":23},"end":{"line":35,"column":9}},"line":29},"6":{"name":"(anonymous_6)","decl":{"start":{"line":31,"column":48},"end":{"line":31,"column":49}},"loc":{"start":{"line":31,"column":60},"end":{"line":34,"column":13}},"line":31},"7":{"name":"(anonymous_7)","decl":{"start":{"line":36,"column":8},"end":{"line":36,"column":9}},"loc":{"start":{"line":36,"column":25},"end":{"line":43,"column":9}},"line":36},"8":{"name":"(anonymous_8)","decl":{"start":{"line":39,"column":69},"end":{"line":39,"column":70}},"loc":{"start":{"line":39,"column":81},"end":{"line":42,"column":13}},"line":39},"9":{"name":"(anonymous_9)","decl":{"start":{"line":44,"column":8},"end":{"line":44,"column":9}},"loc":{"start":{"line":44,"column":42},"end":{"line":69,"column":9}},"line":44},"10":{"name":"(anonymous_10)","decl":{"start":{"line":70,"column":8},"end":{"line":70,"column":9}},"loc":{"start":{"line":70,"column":27},"end":{"line":80,"column":9}},"line":70},"11":{"name":"(anonymous_11)","decl":{"start":{"line":77,"column":45},"end":{"line":77,"column":46}},"loc":{"start":{"line":77,"column":57},"end":{"line":79,"column":13}},"line":77},"12":{"name":"(anonymous_12)","decl":{"start":{"line":81,"column":8},"end":{"line":81,"column":9}},"loc":{"start":{"line":81,"column":21},"end":{"line":89,"column":9}},"line":81},"13":{"name":"(anonymous_13)","decl":{"start":{"line":90,"column":8},"end":{"line":90,"column":9}},"loc":{"start":{"line":90,"column":28},"end":{"line":107,"column":9}},"line":90},"14":{"name":"(anonymous_14)","decl":{"start":{"line":96,"column":44},"end":{"line":96,"column":45}},"loc":{"start":{"line":96,"column":53},"end":{"line":106,"column":13}},"line":96},"15":{"name":"(anonymous_15)","decl":{"start":{"line":108,"column":8},"end":{"line":108,"column":9}},"loc":{"start":{"line":108,"column":30},"end":{"line":122,"column":9}},"line":108},"16":{"name":"(anonymous_16)","decl":{"start":{"line":113,"column":45},"end":{"line":113,"column":46}},"loc":{"start":{"line":113,"column":54},"end":{"line":121,"column":13}},"line":113},"17":{"name":"(anonymous_17)","decl":{"start":{"line":123,"column":8},"end":{"line":123,"column":9}},"loc":{"start":{"line":123,"column":47},"end":{"line":131,"column":9}},"line":123}},"branchMap":{"0":{"loc":{"start":{"line":49,"column":29},"end":{"line":49,"column":81}},"type":"cond-expr","locations":[{"start":{"line":49,"column":53},"end":{"line":49,"column":74}},{"start":{"line":49,"column":77},"end":{"line":49,"column":81}}],"line":49},"1":{"loc":{"start":{"line":62,"column":12},"end":{"line":64,"column":13}},"type":"if","locations":[{"start":{"line":62,"column":12},"end":{"line":64,"column":13}},{"start":{"line":62,"column":12},"end":{"line":64,"column":13}}],"line":62},"2":{"loc":{"start":{"line":65,"column":12},"end":{"line":67,"column":13}},"type":"if","locations":[{"start":{"line":65,"column":12},"end":{"line":67,"column":13}},{"start":{"line":65,"column":12},"end":{"line":67,"column":13}}],"line":65},"3":{"loc":{"start":{"line":72,"column":12},"end":{"line":74,"column":13}},"type":"if","locations":[{"start":{"line":72,"column":12},"end":{"line":74,"column":13}},{"start":{"line":72,"column":12},"end":{"line":74,"column":13}}],"line":72},"4":{"loc":{"start":{"line":82,"column":12},"end":{"line":84,"column":13}},"type":"if","locations":[{"start":{"line":82,"column":12},"end":{"line":84,"column":13}},{"start":{"line":82,"column":12},"end":{"line":84,"column":13}}],"line":82},"5":{"loc":{"start":{"line":93,"column":12},"end":{"line":95,"column":13}},"type":"if","locations":[{"start":{"line":93,"column":12},"end":{"line":95,"column":13}},{"start":{"line":93,"column":12},"end":{"line":95,"column":13}}],"line":93},"6":{"loc":{"start":{"line":97,"column":16},"end":{"line":100,"column":17}},"type":"if","locations":[{"start":{"line":97,"column":16},"end":{"line":100,"column":17}},{"start":{"line":97,"column":16},"end":{"line":100,"column":17}}],"line":97},"7":{"loc":{"start":{"line":109,"column":12},"end":{"line":111,"column":13}},"type":"if","locations":[{"start":{"line":109,"column":12},"end":{"line":111,"column":13}},{"start":{"line":109,"column":12},"end":{"line":111,"column":13}}],"line":109},"8":{"loc":{"start":{"line":114,"column":16},"end":{"line":116,"column":17}},"type":"if","locations":[{"start":{"line":114,"column":16},"end":{"line":116,"column":17}},{"start":{"line":114,"column":16},"end":{"line":116,"column":17}}],"line":114},"9":{"loc":{"start":{"line":124,"column":12},"end":{"line":130,"column":13}},"type":"if","locations":[{"start":{"line":124,"column":12},"end":{"line":130,"column":13}},{"start":{"line":124,"column":12},"end":{"line":130,"column":13}}],"line":124},"10":{"loc":{"start":{"line":124,"column":16},"end":{"line":124,"column":102}},"type":"binary-expr","locations":[{"start":{"line":124,"column":16},"end":{"line":124,"column":55}},{"start":{"line":124,"column":59},"end":{"line":124,"column":102}}],"line":124},"11":{"loc":{"start":{"line":127,"column":16},"end":{"line":129,"column":17}},"type":"if","locations":[{"start":{"line":127,"column":16},"end":{"line":129,"column":17}},{"start":{"line":127,"column":16},"end":{"line":129,"column":17}}],"line":127},"12":{"loc":{"start":{"line":134,"column":17},"end":{"line":134,"column":66}},"type":"binary-expr","locations":[{"start":{"line":134,"column":17},"end":{"line":134,"column":36}},{"start":{"line":134,"column":41},"end":{"line":134,"column":65}}],"line":134}},"s":{"0":0,"1":0,"2":0,"3":0,"4":0,"5":0,"6":0,"7":0,"8":0,"9":0,"10":0,"11":0,"12":0,"13":0,"14":0,"15":0,"16":0,"17":0,"18":0,"19":0,"20":0,"21":0,"22":0,"23":0,"24":0,"25":0,"26":0,"27":0,"28":0,"29":0,"30":0,"31":0,"32":0,"33":0,"34":0,"35":0,"36":0,"37":0,"38":0,"39":0,"40":0,"41":0,"42":0,"43":0,"44":0,"45":0,"46":0,"47":0,"48":0,"49":0,"50":0,"51":0,"52":0,"53":0,"54":0,"55":0,"56":0,"57":0,"58":0,"59":0,"60":0,"61":0,"62":0,"63":0,"64":0,"65":0,"66":0,"67":0,"68":0},"f":{"0":0,"1":0,"2":0,"3":0,"4":0,"5":0,"6":0,"7":0,"8":0,"9":0,"10":0,"11":0,"12":0,"13":0,"14":0,"15":0,"16":0,"17":0},"b":{"0":[0,0],"1":[0,0],"2":[0,0],"3":[0,0],"4":[0,0],"5":[0,0],"6":[0,0],"7":[0,0],"8":[0,0],"9":[0,0],"10":[0,0],"11":[0,0],"12":[0,0]},"inputSourceMap":{"version":3,"file":"AsynchController.js","sourceRoot":"","sources":["../../typescript/api/controllers/AsynchController.ts"],"names":[],"mappings":";;AA+BA,wDAAyD;AACzD,IAAc,WAAW,CA8JxB;AA9JD,WAAc,WAAW;IAMvB,YAAoB,SAAQ,UAAU,CAAC,WAAW,CAAC,IAAI,CAAC,UAAU;QAAlE;;YAKY,qBAAgB,GAAQ;gBAC9B,OAAO;gBACP,OAAO;gBACP,UAAU;gBACV,MAAM;gBACN,QAAQ;gBACR,WAAW;gBACX,aAAa;aAChB,CAAC;QA0IJ,CAAC;QAnIQ,KAAK,CAAC,GAAG,EAAE,GAAG;YACnB,OAAO,IAAI,CAAC,QAAQ,CAAC,GAAG,EAAE,GAAG,EAAE,cAAc,CAAC,CAAC;QACjD,CAAC;QAEM,KAAK,CAAC,GAAG,EAAE,GAAG;YACnB,MAAM,WAAW,GAAG,IAAI,CAAC,4BAA4B,CAAC,GAAG,CAAC,CAAC;YAC3D,cAAc,CAAC,KAAK,CAAC,WAAW,CAAC,CAAC,SAAS,CAAC,QAAQ,CAAC,EAAE;gBACrD,IAAI,CAAC,SAAS,CAAC,GAAG,EAAE,OAAO,EAAE,QAAQ,CAAC,CAAC;gBACvC,IAAI,CAAC,MAAM,CAAC,GAAG,EAAE,GAAG,EAAE,IAAI,EAAE,QAAQ,EAAE,IAAI,CAAC,CAAC;YAC9C,CAAC,CAAC,CAAC;QACL,CAAC;QAEM,IAAI,CAAC,GAAG,EAAE,GAAG;YAClB,MAAM,EAAE,GAAG,GAAG,CAAC,KAAK,CAAC,IAAI,CAAC,CAAC;YAC3B,cAAc,CAAC,MAAM,CAAC,EAAE,CAAC,CAAC,SAAS,CAAC,QAAQ,CAAC,EAAE;gBAC7C,IAAI,CAAC,SAAS,CAAC,GAAG,EAAE,MAAM,EAAE,QAAQ,CAAC,CAAC,CAAC,CAAC,CAAC;gBACzC,IAAI,CAAC,MAAM,CAAC,GAAG,EAAE,GAAG,EAAE,IAAI,EAAE,QAAQ,CAAC,CAAC,CAAC,EAAE,IAAI,CAAC,CAAC;YACjD,CAAC,CAAC,CAAC;QACL,CAAC;QAEM,MAAM,CAAC,GAAG,EAAE,GAAG;YACpB,MAAM,EAAE,GAAG,GAAG,CAAC,KAAK,CAAC,IAAI,CAAC,CAAC;YAC3B,MAAM,WAAW,GAAG,IAAI,CAAC,4BAA4B,CAAC,GAAG,CAAC,CAAC;YAC3D,cAAc,CAAC,MAAM,CAAC,EAAC,EAAE,EAAE,EAAE,EAAC,EAAE,WAAW,CAAC,CAAC,SAAS,CAAC,QAAQ,CAAC,EAAE;gBAChE,IAAI,CAAC,SAAS,CAAC,GAAG,EAAE,QAAQ,EAAE,QAAQ,CAAC,CAAC,CAAC,CAAC,CAAC;gBAC3C,IAAI,CAAC,MAAM,CAAC,GAAG,EAAE,GAAG,EAAE,IAAI,EAAE,QAAQ,CAAC,CAAC,CAAC,EAAE,IAAI,CAAC,CAAC;YACjD,CAAC,CAAC,CAAC;QACL,CAAC;QAES,4BAA4B,CAAC,GAAG;YACxC,MAAM,KAAK,GAAG,eAAe,CAAC,QAAQ,CAAC,GAAG,CAAC,OAAO,CAAC,QAAQ,CAAC,CAAC;YAC7D,MAAM,QAAQ,GAAG,GAAG,CAAC,IAAI,CAAC,QAAQ,CAAC;YACnC,MAAM,IAAI,GAAG,GAAG,CAAC,KAAK,CAAC,MAAM,CAAC,CAAC;YAC/B,MAAM,SAAS,GAAG,GAAG,CAAC,KAAK,CAAC,iBAAiB,CAAC,CAAC;YAC/C,MAAM,QAAQ,GAAG,GAAG,CAAC,KAAK,CAAC,UAAU,CAAC,CAAC,CAAC,CAAC,GAAG,CAAC,KAAK,CAAC,UAAU,CAAC,CAAC,CAAC,CAAC,IAAI,CAAC;YACtE,MAAM,MAAM,GAAG,GAAG,CAAC,MAAM,CAAC;YAC1B,MAAM,MAAM,GAAG,GAAG,CAAC,KAAK,CAAC,QAAQ,CAAC,CAAC;YACnC,MAAM,WAAW,GAAO;gBACrB,IAAI,EAAE,IAAI;gBACV,UAAU,EAAE,QAAQ;gBACpB,QAAQ,EAAE,KAAK,CAAC,EAAE;gBAClB,MAAM,EAAC,MAAM;gBACb,QAAQ,EAAE,QAAQ;gBAClB,eAAe,EAAE,SAAS;gBAC1B,OAAO,EAAE,GAAG,CAAC,KAAK,CAAC,SAAS,CAAC;gBAC7B,QAAQ,EAAE,GAAG,CAAC,KAAK,CAAC,UAAU,CAAC;aACjC,CAAC;YACF,IAAI,CAAC,CAAC,CAAC,WAAW,CAAC,GAAG,CAAC,KAAK,CAAC,WAAW,CAAC,CAAC,EAAE;gBAC1C,WAAW,CAAC,SAAS,GAAG,GAAG,CAAC,KAAK,CAAC,WAAW,CAAC,CAAC;aAChD;YACD,IAAI,CAAC,CAAC,CAAC,WAAW,CAAC,GAAG,CAAC,KAAK,CAAC,YAAY,CAAC,CAAC,EAAE;gBAC3C,WAAW,CAAC,UAAU,GAAG,GAAG,CAAC,KAAK,CAAC,YAAY,CAAC,CAAA;aACjD;YACD,OAAO,WAAW,CAAC;QACrB,CAAC;QAEM,QAAQ,CAAC,GAAG,EAAE,GAAG;YACtB,MAAM,EAAE,GAAG,IAAI,CAAC,QAAQ,CAAC,GAAG,CAAC,KAAK,CAAC,IAAI,CAAC,CAAC,CAAC;YAC1C,IAAI,CAAC,CAAC,OAAO,CAAC,EAAE,CAAC,EAAE;gBACjB,OAAO,IAAI,CAAC,QAAQ,CAAC,GAAG,EAAE,GAAG,EAAE,gCAAgC,CAAC,CAAC;aAClE;YACD,MAAM,KAAK,GAAG,eAAe,CAAC,QAAQ,CAAC,GAAG,CAAC,OAAO,CAAC,QAAQ,CAAC,CAAC;YAC7D,EAAE,CAAC,KAAK,CAAC,QAAQ,GAAG,KAAK,CAAC,EAAE,CAAC;YAC7B,cAAc,CAAC,GAAG,CAAC,EAAE,CAAC,CAAC,SAAS,CAAC,QAAQ,CAAC,EAAE;gBAC1C,IAAI,CAAC,MAAM,CAAC,GAAG,EAAE,GAAG,EAAE,IAAI,EAAE,QAAQ,EAAE,IAAI,CAAC,CAAC;YAC9C,CAAC,CAAC,CAAC;QACL,CAAC;QAES,QAAQ,CAAC,EAAE;YACnB,IAAI,CAAC,CAAC,QAAQ,CAAC,EAAE,CAAC,EAAE;gBAClB,EAAE,GAAG,IAAI,CAAC,KAAK,CAAC,EAAE,CAAC,CAAC;aACrB;YACD,CAAC,CAAC,KAAK,CAAC,EAAE,EAAE,QAAQ,CAAC,CAAC;YACtB,CAAC,CAAC,KAAK,CAAC,EAAE,EAAE,OAAO,CAAC,CAAC;YACrB,CAAC,CAAC,KAAK,CAAC,EAAE,EAAE,WAAW,CAAC,CAAC;YACzB,OAAO,EAAE,CAAC;QACZ,CAAC;QAEM,SAAS,CAAC,GAAG,EAAE,GAAG;YACvB,MAAM,MAAM,GAAG,GAAG,CAAC,KAAK,CAAC,QAAQ,CAAC,CAAC;YACnC,OAAO,CAAC,GAAG,CAAC,mBAAmB,MAAM,EAAE,CAAC,CAAC;YACzC,IAAI,CAAC,GAAG,CAAC,QAAQ,EAAE;gBACjB,OAAO,GAAG,CAAC,UAAU,EAAE,CAAC;aACzB;YAED,KAAK,CAAC,OAAO,CAAC,IAAI,CAAC,GAAG,EAAE,MAAM,EAAE,CAAC,GAAG,EAAE,EAAE;gBACtC,IAAI,GAAG,EAAE;oBACP,OAAO,CAAC,GAAG,CAAC,qBAAqB,CAAC,CAAC;oBACnC,OAAO,IAAI,CAAC,QAAQ,CAAC,GAAG,EAAE,GAAG,EAAE,wBAAwB,MAAM,EAAE,EAAE,GAAG,EAAE,IAAI,CAAC,CAAC;iBAC7E;gBACD,OAAO,CAAC,GAAG,CAAC,gBAAgB,MAAM,EAAE,CAAC,CAAC;gBACtC,OAAO,IAAI,CAAC,MAAM,CAAC,GAAG,EAAE,GAAG,EAAE,IAAI,EAAE;oBACjC,MAAM,EAAE,IAAI;oBACZ,OAAO,EAAE,wBAAwB,MAAM,EAAE;iBAC1C,EACD,IAAI,CAAC,CAAC;YACR,CAAC,CAAC,CAAC;QACL,CAAC;QAEM,WAAW,CAAC,GAAG,EAAE,GAAG;YACzB,IAAI,CAAC,GAAG,CAAC,QAAQ,EAAE;gBACjB,OAAO,GAAG,CAAC,UAAU,EAAE,CAAC;aACzB;YACD,MAAM,MAAM,GAAG,GAAG,CAAC,KAAK,CAAC,QAAQ,CAAC,CAAA;YAClC,KAAK,CAAC,OAAO,CAAC,KAAK,CAAC,GAAG,EAAE,MAAM,EAAE,CAAC,GAAG,EAAE,EAAE;gBACvC,IAAI,GAAG,EAAE;oBACP,OAAO,IAAI,CAAC,QAAQ,CAAC,GAAG,EAAE,GAAG,EAAE,yBAAyB,MAAM,EAAE,EAAE,GAAG,EAAE,IAAI,CAAC,CAAC;iBAC9E;gBACD,OAAO,IAAI,CAAC,MAAM,CAAC,GAAG,EAAE,GAAG,EAAE,IAAI,EAAE;oBACjC,MAAM,EAAE,IAAI;oBACZ,OAAO,EAAE,sBAAsB,MAAM,EAAE;iBACxC,EACD,IAAI,CAAC,CAAC;YACR,CAAC,CAAC,CAAC;QACL,CAAC;QAES,SAAS,CAAC,GAAG,EAAE,SAAS,EAAE,WAAW;YAC7C,IAAI,CAAC,CAAC,CAAC,OAAO,CAAC,WAAW,CAAC,eAAe,CAAC,IAAI,CAAC,CAAC,CAAC,WAAW,CAAC,WAAW,CAAC,eAAe,CAAC,EAAE;gBAC1F,KAAK,CAAC,OAAO,CAAC,SAAS,CAAC,WAAW,CAAC,eAAe,EAAE,SAAS,EAAE,WAAW,EAAE,GAAG,CAAC,CAAC;gBAClF,KAAK,CAAC,OAAO,CAAC,SAAS,CAAC,WAAW,CAAC,EAAE,EAAE,SAAS,EAAE,WAAW,EAAE,GAAG,CAAC,CAAC;gBACrE,IAAI,WAAW,CAAC,QAAQ,EAAE;oBACxB,KAAK,CAAC,OAAO,CAAC,SAAS,CAAC,GAAG,WAAW,CAAC,eAAe,IAAI,WAAW,CAAC,QAAQ,EAAE,EAAE,SAAS,EAAE,WAAW,EAAE,GAAG,CAAC,CAAC;iBAChH;aACF;QACH,CAAC;KAOF;IAvJY,kBAAM,SAuJlB,CAAA;AACH,CAAC,EA9Ja,WAAW,GAAX,mBAAW,KAAX,mBAAW,QA8JxB;AAED,MAAM,CAAC,OAAO,GAAG,IAAI,WAAW,CAAC,MAAM,EAAE,CAAC,OAAO,EAAE,CAAC"},"all":true},"/opt/redbox-portal/api/controllers/BrandingController.js":{"path":"/opt/redbox-portal/api/controllers/BrandingController.js","statementMap":{"0":{"start":{"line":2,"column":0},"end":{"line":2,"column":62}},"1":{"start":{"line":3,"column":19},"end":{"line":3,"column":55}},"2":{"start":{"line":4,"column":22},"end":{"line":4,"column":47}},"3":{"start":{"line":5,"column":0},"end":{"line":5,"column":39}},"4":{"start":{"line":6,"column":13},"end":{"line":6,"column":28}},"5":{"start":{"line":8,"column":0},"end":{"line":68,"column":68}},"6":{"start":{"line":11,"column":12},"end":{"line":11,"column":32}},"7":{"start":{"line":12,"column":12},"end":{"line":12,"column":64}},"8":{"start":{"line":13,"column":12},"end":{"line":15,"column":15}},"9":{"start":{"line":16,"column":12},"end":{"line":22,"column":14}},"10":{"start":{"line":25,"column":12},"end":{"line":35,"column":15}},"11":{"start":{"line":28,"column":16},"end":{"line":28,"column":52}},"12":{"start":{"line":29,"column":16},"end":{"line":34,"column":17}},"13":{"start":{"line":30,"column":20},"end":{"line":30,"column":50}},"14":{"start":{"line":33,"column":20},"end":{"line":33,"column":69}},"15":{"start":{"line":38,"column":12},"end":{"line":38,"column":42}},"16":{"start":{"line":39,"column":12},"end":{"line":39,"column":77}},"17":{"start":{"line":42,"column":12},"end":{"line":42,"column":48}},"18":{"start":{"line":43,"column":12},"end":{"line":43,"column":84}},"19":{"start":{"line":46,"column":12},"end":{"line":46,"column":50}},"20":{"start":{"line":47,"column":12},"end":{"line":47,"column":84}},"21":{"start":{"line":50,"column":12},"end":{"line":50,"column":62}},"22":{"start":{"line":51,"column":12},"end":{"line":51,"column":74}},"23":{"start":{"line":52,"column":21},"end":{"line":52,"column":121}},"24":{"start":{"line":53,"column":12},"end":{"line":53,"column":68}},"25":{"start":{"line":54,"column":12},"end":{"line":64,"column":15}},"26":{"start":{"line":55,"column":16},"end":{"line":63,"column":17}},"27":{"start":{"line":56,"column":20},"end":{"line":56,"column":139}},"28":{"start":{"line":57,"column":20},"end":{"line":57,"column":85}},"29":{"start":{"line":58,"column":20},"end":{"line":58,"column":113}},"30":{"start":{"line":61,"column":20},"end":{"line":61,"column":85}},"31":{"start":{"line":62,"column":20},"end":{"line":62,"column":47}},"32":{"start":{"line":67,"column":4},"end":{"line":67,"column":36}},"33":{"start":{"line":69,"column":0},"end":{"line":69,"column":54}}},"fnMap":{"0":{"name":"(anonymous_0)","decl":{"start":{"line":8,"column":1},"end":{"line":8,"column":2}},"loc":{"start":{"line":8,"column":24},"end":{"line":68,"column":1}},"line":8},"1":{"name":"(anonymous_1)","decl":{"start":{"line":10,"column":8},"end":{"line":10,"column":9}},"loc":{"start":{"line":10,"column":22},"end":{"line":23,"column":9}},"line":10},"2":{"name":"(anonymous_2)","decl":{"start":{"line":24,"column":8},"end":{"line":24,"column":9}},"loc":{"start":{"line":24,"column":28},"end":{"line":36,"column":9}},"line":24},"3":{"name":"(anonymous_3)","decl":{"start":{"line":27,"column":20},"end":{"line":27,"column":21}},"loc":{"start":{"line":27,"column":42},"end":{"line":35,"column":13}},"line":27},"4":{"name":"(anonymous_4)","decl":{"start":{"line":37,"column":8},"end":{"line":37,"column":9}},"loc":{"start":{"line":37,"column":29},"end":{"line":40,"column":9}},"line":37},"5":{"name":"(anonymous_5)","decl":{"start":{"line":41,"column":8},"end":{"line":41,"column":9}},"loc":{"start":{"line":41,"column":36},"end":{"line":44,"column":9}},"line":41},"6":{"name":"(anonymous_6)","decl":{"start":{"line":45,"column":8},"end":{"line":45,"column":9}},"loc":{"start":{"line":45,"column":36},"end":{"line":48,"column":9}},"line":45},"7":{"name":"(anonymous_7)","decl":{"start":{"line":49,"column":8},"end":{"line":49,"column":9}},"loc":{"start":{"line":49,"column":30},"end":{"line":65,"column":9}},"line":49},"8":{"name":"(anonymous_8)","decl":{"start":{"line":54,"column":38},"end":{"line":54,"column":39}},"loc":{"start":{"line":54,"column":61},"end":{"line":64,"column":13}},"line":54}},"branchMap":{"0":{"loc":{"start":{"line":29,"column":16},"end":{"line":34,"column":17}},"type":"if","locations":[{"start":{"line":29,"column":16},"end":{"line":34,"column":17}},{"start":{"line":29,"column":16},"end":{"line":34,"column":17}}],"line":29},"1":{"loc":{"start":{"line":55,"column":16},"end":{"line":63,"column":17}},"type":"if","locations":[{"start":{"line":55,"column":16},"end":{"line":63,"column":17}},{"start":{"line":55,"column":16},"end":{"line":63,"column":17}}],"line":55},"2":{"loc":{"start":{"line":68,"column":17},"end":{"line":68,"column":66}},"type":"binary-expr","locations":[{"start":{"line":68,"column":17},"end":{"line":68,"column":36}},{"start":{"line":68,"column":41},"end":{"line":68,"column":65}}],"line":68}},"s":{"0":0,"1":0,"2":0,"3":0,"4":0,"5":0,"6":0,"7":0,"8":0,"9":0,"10":0,"11":0,"12":0,"13":0,"14":0,"15":0,"16":0,"17":0,"18":0,"19":0,"20":0,"21":0,"22":0,"23":0,"24":0,"25":0,"26":0,"27":0,"28":0,"29":0,"30":0,"31":0,"32":0,"33":0},"f":{"0":0,"1":0,"2":0,"3":0,"4":0,"5":0,"6":0,"7":0,"8":0},"b":{"0":[0,0],"1":[0,0],"2":[0,0]},"inputSourceMap":{"version":3,"file":"BrandingController.js","sourceRoot":"","sources":["../../typescript/api/controllers/BrandingController.ts"],"names":[],"mappings":";;AAAA,wDAAyD;AACzD,gDAAiD;AAIjD,uCAAqC;AAIrC,6BAA8B;AAQ9B,IAAc,WAAW,CA2HxB;AA3HD,WAAc,WAAW;IAEvB,cAAsB,SAAQ,UAAU,CAAC,WAAW,CAAC,IAAI,CAAC,UAAU;QAApE;;YACU,aAAQ,GAAW,KAAK,CAAC,MAAM,CAAC,UAAU,CAAC,OAAO,CAAC,GAAG,CAAC;YACvD,gBAAW,GAAG,aAAa,CAAC;gBAMlC,GAAG,EAAE,IAAI,CAAC,QAAQ;aACnB,CAAC,CAAC;YAIO,qBAAgB,GAAQ;gBAChC,WAAW;gBACX,aAAa;gBACb,YAAY;gBACZ,mBAAmB;gBACnB,mBAAmB;aACpB,CAAC;QAqGJ,CAAC;QA/EQ,SAAS,CAAC,GAAG,EAAE,GAAG;YACvB,cAAc,CAAC,OAAO,CAAC;gBACrB,MAAM,EAAE,GAAG,CAAC,KAAK,CAAC,UAAU,CAAC;aAC9B,CAAC,CAAC,IAAI,CAAC,UAAU,GAAG,EAAE,KAAK;gBAC1B,GAAG,CAAC,GAAG,CAAC,cAAc,EAAE,UAAU,CAAC,CAAC;gBACpC,IAAI,KAAK,IAAI,IAAI,EAAE;oBACjB,OAAO,GAAG,CAAC,IAAI,CAAC,KAAK,CAAC,KAAK,CAAC,CAAC,CAAC;iBAC/B;qBAAM;oBACL,OAAO,GAAG,CAAC,IAAI,CAAC,+BAA+B,CAAC,CAAC;iBAClD;YACH,CAAC,CAAC,CAAC;QACL,CAAC;QASM,UAAU,CAAC,GAAG,EAAE,GAAG;YACxB,GAAG,CAAC,WAAW,CAAC,YAAY,CAAC,CAAC;YAC9B,OAAO,IAAI,CAAC,QAAQ,CAAC,GAAG,EAAE,GAAG,EAAE,aAAa,EAAE,EAAC,MAAM,EAAE,KAAK,EAAC,CAAC,CAAC;QACjE,CAAC;QAUM,iBAAiB,CAAC,GAAG,EAAE,GAAG;YAC/B,GAAG,CAAC,WAAW,CAAC,kBAAkB,CAAC,CAAC;YACpC,OAAO,IAAI,CAAC,QAAQ,CAAC,GAAG,EAAE,GAAG,EAAE,oBAAoB,EAAE,EAAC,MAAM,EAAE,KAAK,EAAC,CAAC,CAAC;QACxE,CAAC;QASM,iBAAiB,CAAC,GAAG,EAAE,GAAG;YAC/B,GAAG,CAAC,WAAW,CAAC,oBAAoB,CAAC,CAAC;YACtC,OAAO,IAAI,CAAC,QAAQ,CAAC,GAAG,EAAE,GAAG,EAAE,oBAAoB,EAAE,EAAC,MAAM,EAAE,KAAK,EAAC,CAAC,CAAC;QACxE,CAAC;QASM,WAAW,CAAC,GAAG,EAAE,GAAG;YACzB,KAAK,CAAC,GAAG,CAAC,OAAO,CAAC,8BAA8B,CAAC,CAAC;YAClD,KAAK,CAAC,GAAG,CAAC,OAAO,CAAC,IAAI,CAAC,SAAS,CAAC,KAAK,CAAC,MAAM,CAAC,aAAa,CAAC,CAAC,CAAC;YAC9D,IAAI,EAAE,GAAG,IAAI,CAAC,IAAI,CAAC,GAAG,CAAC,KAAK,CAAC,UAAU,CAAC,EAAE,GAAG,CAAC,KAAK,CAAC,QAAQ,CAAC,EAAE,QAAQ,EAAE,KAAK,CAAC,MAAM,CAAC,aAAa,CAAC,QAAQ,CAAC,CAAC;YAC9G,KAAK,CAAC,GAAG,CAAC,IAAI,CAAC,mCAAmC,EAAE,EAAE,CAAC,CAAC;YACxD,IAAI,CAAC,WAAW,CAAC,IAAI,CAAC,EAAE,EAAE,UAAU,KAAK,EAAE,IAAI;gBAC7C,IAAI,KAAK,EAAE;oBACT,KAAK,CAAC,GAAG,CAAC,IAAI,CAAC,8BAA8B,EAAE,iCAAiC,KAAK,CAAC,MAAM,CAAC,aAAa,CAAC,QAAQ,EAAE,CAAC,CAAC;oBACvH,GAAG,CAAC,WAAW,CAAC,SAAS,KAAK,CAAC,MAAM,CAAC,aAAa,CAAC,SAAS,EAAE,CAAC,CAAC;oBACjE,GAAG,CAAC,QAAQ,CAAC,KAAK,CAAC,MAAM,CAAC,OAAO,GAAG,kBAAkB,KAAK,CAAC,MAAM,CAAC,aAAa,CAAC,QAAQ,EAAE,CAAC,CAAC;iBAC9F;qBAAM;oBACL,GAAG,CAAC,WAAW,CAAC,SAAS,KAAK,CAAC,MAAM,CAAC,aAAa,CAAC,SAAS,EAAE,CAAC,CAAC;oBACjE,GAAG,CAAC,IAAI,CAAC,IAAI,MAAM,CAAC,IAAI,CAAC,CAAC,CAAC;iBAC5B;YACH,CAAC,CAAC,CAAC;QACL,CAAC;KAOF;IAxHY,oBAAQ,WAwHpB,CAAA;AACH,CAAC,EA3Ha,WAAW,GAAX,mBAAW,KAAX,mBAAW,QA2HxB;AAED,MAAM,CAAC,OAAO,GAAG,IAAI,WAAW,CAAC,QAAQ,EAAE,CAAC,OAAO,EAAE,CAAC"},"all":true},"/opt/redbox-portal/api/controllers/DashboardController.js":{"path":"/opt/redbox-portal/api/controllers/DashboardController.js","statementMap":{"0":{"start":{"line":2,"column":0},"end":{"line":2,"column":62}},"1":{"start":{"line":3,"column":13},"end":{"line":3,"column":31}},"2":{"start":{"line":4,"column":19},"end":{"line":4,"column":55}},"3":{"start":{"line":6,"column":0},"end":{"line":108,"column":68}},"4":{"start":{"line":9,"column":12},"end":{"line":9,"column":32}},"5":{"start":{"line":10,"column":12},"end":{"line":13,"column":14}},"6":{"start":{"line":18,"column":31},"end":{"line":18,"column":85}},"7":{"start":{"line":19,"column":12},"end":{"line":19,"column":84}},"8":{"start":{"line":22,"column":26},"end":{"line":22,"column":72}},"9":{"start":{"line":23,"column":35},"end":{"line":23,"column":53}},"10":{"start":{"line":24,"column":24},"end":{"line":24,"column":26}},"11":{"start":{"line":25,"column":27},"end":{"line":25,"column":34}},"12":{"start":{"line":26,"column":23},"end":{"line":26,"column":25}},"13":{"start":{"line":27,"column":12},"end":{"line":36,"column":13}},"14":{"start":{"line":28,"column":16},"end":{"line":28,"column":39}},"15":{"start":{"line":29,"column":16},"end":{"line":29,"column":32}},"16":{"start":{"line":30,"column":16},"end":{"line":30,"column":45}},"17":{"start":{"line":33,"column":16},"end":{"line":33,"column":46}},"18":{"start":{"line":34,"column":16},"end":{"line":34,"column":27}},"19":{"start":{"line":35,"column":16},"end":{"line":35,"column":73}},"20":{"start":{"line":37,"column":31},"end":{"line":37,"column":54}},"21":{"start":{"line":38,"column":34},"end":{"line":38,"column":52}},"22":{"start":{"line":39,"column":26},"end":{"line":39,"column":44}},"23":{"start":{"line":40,"column":25},"end":{"line":40,"column":42}},"24":{"start":{"line":41,"column":32},"end":{"line":41,"column":56}},"25":{"start":{"line":42,"column":25},"end":{"line":42,"column":42}},"26":{"start":{"line":43,"column":12},"end":{"line":57,"column":15}},"27":{"start":{"line":44,"column":16},"end":{"line":44,"column":31}},"28":{"start":{"line":46,"column":16},"end":{"line":52,"column":17}},"29":{"start":{"line":47,"column":20},"end":{"line":47,"column":44}},"30":{"start":{"line":48,"column":20},"end":{"line":48,"column":58}},"31":{"start":{"line":51,"column":20},"end":{"line":51,"column":60}},"32":{"start":{"line":54,"column":16},"end":{"line":54,"column":56}},"33":{"start":{"line":55,"column":16},"end":{"line":55,"column":39}},"34":{"start":{"line":56,"column":16},"end":{"line":56,"column":55}},"35":{"start":{"line":60,"column":27},"end":{"line":60,"column":29}},"36":{"start":{"line":61,"column":12},"end":{"line":68,"column":13}},"37":{"start":{"line":62,"column":16},"end":{"line":64,"column":17}},"38":{"start":{"line":63,"column":20},"end":{"line":63,"column":45}},"39":{"start":{"line":65,"column":16},"end":{"line":67,"column":17}},"40":{"start":{"line":66,"column":20},"end":{"line":66,"column":45}},"41":{"start":{"line":69,"column":12},"end":{"line":69,"column":28}},"42":{"start":{"line":72,"column":29},"end":{"line":72,"column":42}},"43":{"start":{"line":73,"column":12},"end":{"line":75,"column":13}},"44":{"start":{"line":74,"column":16},"end":{"line":74,"column":51}},"45":{"start":{"line":76,"column":12},"end":{"line":78,"column":13}},"46":{"start":{"line":77,"column":16},"end":{"line":77,"column":53}},"47":{"start":{"line":79,"column":27},"end":{"line":79,"column":153}},"48":{"start":{"line":80,"column":12},"end":{"line":104,"column":15}},"49":{"start":{"line":81,"column":33},"end":{"line":81,"column":64}},"50":{"start":{"line":82,"column":33},"end":{"line":82,"column":61}},"51":{"start":{"line":83,"column":30},"end":{"line":83,"column":32}},"52":{"start":{"line":84,"column":33},"end":{"line":84,"column":59}},"53":{"start":{"line":85,"column":31},"end":{"line":85,"column":33}},"54":{"start":{"line":86,"column":16},"end":{"line":86,"column":52}},"55":{"start":{"line":87,"column":16},"end":{"line":87,"column":53}},"56":{"start":{"line":88,"column":16},"end":{"line":88,"column":46}},"57":{"start":{"line":89,"column":28},"end":{"line":89,"column":30}},"58":{"start":{"line":90,"column":27},"end":{"line":90,"column":54}},"59":{"start":{"line":91,"column":16},"end":{"line":101,"column":17}},"60":{"start":{"line":91,"column":29},"end":{"line":91,"column":30}},"61":{"start":{"line":92,"column":30},"end":{"line":92,"column":37}},"62":{"start":{"line":93,"column":31},"end":{"line":93,"column":33}},"63":{"start":{"line":94,"column":20},"end":{"line":94,"column":51}},"64":{"start":{"line":95,"column":20},"end":{"line":95,"column":61}},"65":{"start":{"line":96,"column":20},"end":{"line":96,"column":64}},"66":{"start":{"line":97,"column":20},"end":{"line":97,"column":72}},"67":{"start":{"line":98,"column":20},"end":{"line":98,"column":74}},"68":{"start":{"line":99,"column":20},"end":{"line":99,"column":98}},"69":{"start":{"line":100,"column":20},"end":{"line":100,"column":37}},"70":{"start":{"line":102,"column":16},"end":{"line":102,"column":42}},"71":{"start":{"line":103,"column":16},"end":{"line":103,"column":52}},"72":{"start":{"line":107,"column":4},"end":{"line":107,"column":38}},"73":{"start":{"line":109,"column":0},"end":{"line":109,"column":55}}},"fnMap":{"0":{"name":"(anonymous_0)","decl":{"start":{"line":6,"column":1},"end":{"line":6,"column":2}},"loc":{"start":{"line":6,"column":24},"end":{"line":108,"column":1}},"line":6},"1":{"name":"(anonymous_1)","decl":{"start":{"line":8,"column":8},"end":{"line":8,"column":9}},"loc":{"start":{"line":8,"column":22},"end":{"line":14,"column":9}},"line":8},"2":{"name":"(anonymous_2)","decl":{"start":{"line":15,"column":8},"end":{"line":15,"column":9}},"loc":{"start":{"line":15,"column":20},"end":{"line":16,"column":9}},"line":15},"3":{"name":"(anonymous_3)","decl":{"start":{"line":17,"column":8},"end":{"line":17,"column":9}},"loc":{"start":{"line":17,"column":25},"end":{"line":20,"column":9}},"line":17},"4":{"name":"(anonymous_4)","decl":{"start":{"line":21,"column":8},"end":{"line":21,"column":9}},"loc":{"start":{"line":21,"column":32},"end":{"line":58,"column":9}},"line":21},"5":{"name":"(anonymous_5)","decl":{"start":{"line":43,"column":131},"end":{"line":43,"column":132}},"loc":{"start":{"line":43,"column":142},"end":{"line":45,"column":13}},"line":43},"6":{"name":"(anonymous_6)","decl":{"start":{"line":45,"column":25},"end":{"line":45,"column":26}},"loc":{"start":{"line":45,"column":37},"end":{"line":53,"column":13}},"line":45},"7":{"name":"(anonymous_7)","decl":{"start":{"line":53,"column":15},"end":{"line":53,"column":16}},"loc":{"start":{"line":53,"column":24},"end":{"line":57,"column":13}},"line":53},"8":{"name":"(anonymous_8)","decl":{"start":{"line":59,"column":8},"end":{"line":59,"column":9}},"loc":{"start":{"line":59,"column":28},"end":{"line":70,"column":9}},"line":59},"9":{"name":"(anonymous_9)","decl":{"start":{"line":71,"column":8},"end":{"line":71,"column":9}},"loc":{"start":{"line":71,"column":150},"end":{"line":105,"column":9}},"line":71},"10":{"name":"(anonymous_10)","decl":{"start":{"line":80,"column":32},"end":{"line":80,"column":33}},"loc":{"start":{"line":80,"column":43},"end":{"line":104,"column":13}},"line":80}},"branchMap":{"0":{"loc":{"start":{"line":18,"column":31},"end":{"line":18,"column":85}},"type":"cond-expr","locations":[{"start":{"line":18,"column":57},"end":{"line":18,"column":80}},{"start":{"line":18,"column":83},"end":{"line":18,"column":85}}],"line":18},"1":{"loc":{"start":{"line":27,"column":12},"end":{"line":36,"column":13}},"type":"if","locations":[{"start":{"line":27,"column":12},"end":{"line":36,"column":13}},{"start":{"line":27,"column":12},"end":{"line":36,"column":13}}],"line":27},"2":{"loc":{"start":{"line":46,"column":16},"end":{"line":52,"column":17}},"type":"if","locations":[{"start":{"line":46,"column":16},"end":{"line":52,"column":17}},{"start":{"line":46,"column":16},"end":{"line":52,"column":17}}],"line":46},"3":{"loc":{"start":{"line":46,"column":20},"end":{"line":46,"column":54}},"type":"binary-expr","locations":[{"start":{"line":46,"column":20},"end":{"line":46,"column":28}},{"start":{"line":46,"column":32},"end":{"line":46,"column":54}}],"line":46},"4":{"loc":{"start":{"line":62,"column":16},"end":{"line":64,"column":17}},"type":"if","locations":[{"start":{"line":62,"column":16},"end":{"line":64,"column":17}},{"start":{"line":62,"column":16},"end":{"line":64,"column":17}}],"line":62},"5":{"loc":{"start":{"line":62,"column":20},"end":{"line":62,"column":91}},"type":"binary-expr","locations":[{"start":{"line":62,"column":20},"end":{"line":62,"column":54}},{"start":{"line":62,"column":58},"end":{"line":62,"column":91}}],"line":62},"6":{"loc":{"start":{"line":65,"column":16},"end":{"line":67,"column":17}},"type":"if","locations":[{"start":{"line":65,"column":16},"end":{"line":67,"column":17}},{"start":{"line":65,"column":16},"end":{"line":67,"column":17}}],"line":65},"7":{"loc":{"start":{"line":71,"column":79},"end":{"line":71,"column":105}},"type":"default-arg","locations":[{"start":{"line":71,"column":96},"end":{"line":71,"column":105}}],"line":71},"8":{"loc":{"start":{"line":71,"column":107},"end":{"line":71,"column":130}},"type":"default-arg","locations":[{"start":{"line":71,"column":121},"end":{"line":71,"column":130}}],"line":71},"9":{"loc":{"start":{"line":71,"column":132},"end":{"line":71,"column":148}},"type":"default-arg","locations":[{"start":{"line":71,"column":139},"end":{"line":71,"column":148}}],"line":71},"10":{"loc":{"start":{"line":73,"column":12},"end":{"line":75,"column":13}},"type":"if","locations":[{"start":{"line":73,"column":12},"end":{"line":75,"column":13}},{"start":{"line":73,"column":12},"end":{"line":75,"column":13}}],"line":73},"11":{"loc":{"start":{"line":73,"column":16},"end":{"line":73,"column":68}},"type":"binary-expr","locations":[{"start":{"line":73,"column":16},"end":{"line":73,"column":42}},{"start":{"line":73,"column":46},"end":{"line":73,"column":68}}],"line":73},"12":{"loc":{"start":{"line":76,"column":12},"end":{"line":78,"column":13}},"type":"if","locations":[{"start":{"line":76,"column":12},"end":{"line":78,"column":13}},{"start":{"line":76,"column":12},"end":{"line":78,"column":13}}],"line":76},"13":{"loc":{"start":{"line":76,"column":16},"end":{"line":76,"column":70}},"type":"binary-expr","locations":[{"start":{"line":76,"column":16},"end":{"line":76,"column":43}},{"start":{"line":76,"column":47},"end":{"line":76,"column":70}}],"line":76},"14":{"loc":{"start":{"line":108,"column":17},"end":{"line":108,"column":66}},"type":"binary-expr","locations":[{"start":{"line":108,"column":17},"end":{"line":108,"column":36}},{"start":{"line":108,"column":41},"end":{"line":108,"column":65}}],"line":108}},"s":{"0":0,"1":0,"2":0,"3":0,"4":0,"5":0,"6":0,"7":0,"8":0,"9":0,"10":0,"11":0,"12":0,"13":0,"14":0,"15":0,"16":0,"17":0,"18":0,"19":0,"20":0,"21":0,"22":0,"23":0,"24":0,"25":0,"26":0,"27":0,"28":0,"29":0,"30":0,"31":0,"32":0,"33":0,"34":0,"35":0,"36":0,"37":0,"38":0,"39":0,"40":0,"41":0,"42":0,"43":0,"44":0,"45":0,"46":0,"47":0,"48":0,"49":0,"50":0,"51":0,"52":0,"53":0,"54":0,"55":0,"56":0,"57":0,"58":0,"59":0,"60":0,"61":0,"62":0,"63":0,"64":0,"65":0,"66":0,"67":0,"68":0,"69":0,"70":0,"71":0,"72":0,"73":0},"f":{"0":0,"1":0,"2":0,"3":0,"4":0,"5":0,"6":0,"7":0,"8":0,"9":0,"10":0},"b":{"0":[0,0],"1":[0,0],"2":[0,0],"3":[0,0],"4":[0,0],"5":[0,0],"6":[0,0],"7":[0],"8":[0],"9":[0],"10":[0,0],"11":[0,0],"12":[0,0],"13":[0,0],"14":[0,0]},"inputSourceMap":{"version":3,"file":"DashboardController.js","sourceRoot":"","sources":["../../typescript/api/controllers/DashboardController.ts"],"names":[],"mappings":";;AAuBA,gCAAqC;AAMrC,wDAAyD;AACzD,IAAc,WAAW,CAsIxB;AAtID,WAAc,WAAW;IAMvB,eAAuB,SAAQ,UAAU,CAAC,WAAW,CAAC,IAAI,CAAC,UAAU;QAArE;;YAKY,qBAAgB,GAAQ;gBAC9B,QAAQ;gBACR,eAAe;aAClB,CAAC;QAuHJ,CAAC;QA/GQ,SAAS;QAEhB,CAAC;QAEM,MAAM,CAAC,GAAG,EAAE,GAAG;YACpB,MAAM,UAAU,GAAG,GAAG,CAAC,KAAK,CAAC,YAAY,CAAC,CAAC,CAAC,CAAC,GAAG,CAAC,KAAK,CAAC,YAAY,CAAC,CAAC,CAAC,CAAC,EAAE,CAAC;YAC1E,OAAO,IAAI,CAAC,QAAQ,CAAC,GAAG,EAAE,GAAG,EAAE,WAAW,EAAE,EAAC,UAAU,EAAE,UAAU,EAAE,CAAC,CAAC;QACzE,CAAC;QAGM,aAAa,CAAC,GAAG,EAAE,GAAG;YAE3B,MAAM,KAAK,GAAG,eAAe,CAAC,QAAQ,CAAC,GAAG,CAAC,OAAO,CAAC,QAAQ,CAAC,CAAC;YAE7D,MAAM,cAAc,GAAG,GAAG,CAAC,KAAK,CAAC,QAAQ,CAAC;YAE1C,IAAI,KAAK,GAAG,EAAE,CAAC;YACf,IAAI,QAAQ,GAAG,OAAO,CAAC;YACvB,IAAI,IAAI,GAAG,EAAE,CAAC;YACd,IAAI,GAAG,CAAC,eAAe,EAAE,EAAE;gBACzB,KAAK,GAAG,GAAG,CAAC,IAAI,CAAC,KAAK,CAAC;gBACvB,IAAI,GAAG,GAAG,CAAC,IAAI,CAAC;gBAChB,QAAQ,GAAG,GAAG,CAAC,IAAI,CAAC,QAAQ,CAAC;aAC9B;iBAAM;gBAEL,IAAI,GAAG,EAAC,QAAQ,EAAE,QAAQ,EAAC,CAAC;gBAC5B,KAAK,GAAG,EAAE,CAAC;gBACX,KAAK,CAAC,IAAI,CAAC,YAAY,CAAC,wBAAwB,CAAC,KAAK,CAAC,CAAC,CAAC;aAC1D;YACD,MAAM,UAAU,GAAG,GAAG,CAAC,KAAK,CAAC,YAAY,CAAC,CAAC;YAC3C,MAAM,aAAa,GAAG,GAAG,CAAC,KAAK,CAAC,OAAO,CAAC,CAAC;YACzC,MAAM,KAAK,GAAG,GAAG,CAAC,KAAK,CAAC,OAAO,CAAC,CAAC;YACjC,MAAM,IAAI,GAAG,GAAG,CAAC,KAAK,CAAC,MAAM,CAAC,CAAC;YAC/B,MAAM,WAAW,GAAG,GAAG,CAAC,KAAK,CAAC,aAAa,CAAC,CAAC;YAC7C,MAAM,IAAI,GAAG,GAAG,CAAC,KAAK,CAAC,MAAM,CAAC,CAAC;YAC/B,IAAI,CAAC,UAAU,CAAC,aAAa,EAAE,UAAU,EAAE,KAAK,EAAC,IAAI,EAAC,IAAI,EAAC,KAAK,EAAC,KAAK,EAAC,cAAc,EAAE,WAAW,EAAC,IAAI,CAAC,CAAC,OAAO,CAAC,OAAO,CAAC,EAAE;gBACvH,OAAO,OAAO,CAAC;YACjB,CAAC,CAAC,CAAC,SAAS,CAAC,QAAQ,CAAC,EAAE;gBACtB,IAAI,QAAQ,IAAI,QAAQ,CAAC,IAAI,IAAI,KAAK,EAAE;oBACtC,QAAQ,CAAC,OAAO,GAAG,IAAI,CAAC;oBACxB,IAAI,CAAC,MAAM,CAAC,GAAG,EAAE,GAAG,EAAE,IAAI,EAAE,QAAQ,CAAC,CAAC;iBACvC;qBAAM;oBACL,IAAI,CAAC,QAAQ,CAAC,GAAG,EAAE,GAAG,EAAE,IAAI,EAAE,QAAQ,CAAC,CAAC;iBACzC;YACH,CAAC,EAAE,KAAK,CAAC,EAAE;gBACT,KAAK,CAAC,GAAG,CAAC,KAAK,CAAC,sBAAsB,CAAC,CAAC;gBACxC,KAAK,CAAC,GAAG,CAAC,KAAK,CAAC,KAAK,CAAC,CAAC;gBACvB,IAAI,CAAC,QAAQ,CAAC,GAAG,EAAE,GAAG,EAAE,KAAK,CAAC,OAAO,CAAC,CAAC;YACzC,CAAC,CAAC,CAAC;QACP,CAAC;QAEO,cAAc,CAAC,GAAG;YACxB,IAAI,QAAQ,GAAG,EAAE,CAAC;YAClB,KAAI,IAAI,GAAG,IAAI,GAAG,EAAC;gBACjB,IAAG,GAAG,CAAC,OAAO,CAAC,gBAAgB,CAAC,IAAI,CAAC,IAAI,GAAG,CAAC,OAAO,CAAC,eAAe,CAAC,IAAI,CAAC,EAAE;oBAC1E,QAAQ,CAAC,GAAG,CAAC,GAAG,GAAG,CAAC,GAAG,CAAC,CAAC;iBAC1B;gBACD,IAAG,GAAG,IAAI,yBAAyB,EAAE;oBACnC,QAAQ,CAAC,GAAG,CAAC,GAAG,GAAG,CAAC,GAAG,CAAC,CAAC;iBAC1B;aACF;YACD,OAAO,QAAQ,CAAC;QAClB,CAAC;QAES,UAAU,CAAC,aAAa,EAAE,UAAU,EAAE,KAAK,EAAC,IAAI,EAAC,IAAI,EAAE,KAAK,EAAE,KAAK,EAAE,cAAc,GAAC,SAAS,EAAE,WAAW,GAAG,SAAS,EAAE,IAAI,GAAC,SAAS;YAC9I,MAAM,QAAQ,GAAG,IAAI,CAAC,QAAQ,CAAC;YAC/B,IAAI,CAAC,CAAC,CAAC,WAAW,CAAC,UAAU,CAAC,IAAI,CAAC,CAAC,CAAC,OAAO,CAAC,UAAU,CAAC,EAAE;gBACxD,UAAU,GAAG,UAAU,CAAC,KAAK,CAAC,GAAG,CAAC,CAAC;aACpC;YACD,IAAI,CAAC,CAAC,CAAC,WAAW,CAAC,WAAW,CAAC,IAAI,CAAC,CAAC,CAAC,OAAO,CAAC,WAAW,CAAC,EAAE;gBAC1D,WAAW,GAAG,WAAW,CAAC,KAAK,CAAC,GAAG,CAAC,CAAC;aACtC;YACD,IAAI,QAAQ,GAAG,gBAAgB,CAAC,UAAU,CAAC,aAAa,EAAC,UAAU,EAAE,KAAK,EAAC,IAAI,EAAC,QAAQ,EAAC,KAAK,EAAC,KAAK,EAAC,cAAc,EAAE,WAAW,EAAE,IAAI,CAAC,CAAC;YAExI,OAAO,QAAQ,CAAC,GAAG,CAAC,OAAO,CAAC,EAAE;gBAE5B,IAAI,UAAU,GAAG,OAAO,CAAC,UAAU,CAAC,CAAC,UAAU,CAAC,CAAC;gBACjD,IAAI,UAAU,GAAG,OAAO,CAAC,UAAU,CAAC,CAAC,OAAO,CAAC,CAAC;gBAC9C,IAAI,OAAO,GAAG,EAAE,CAAC;gBACjB,IAAI,UAAU,GAAG,CAAC,UAAU,GAAG,OAAO,CAAC,GAAG,CAAC,CAAC;gBAE5C,IAAI,QAAQ,GAAG,EAAE,CAAC;gBAClB,QAAQ,CAAC,YAAY,CAAC,GAAG,UAAU,CAAC;gBACpC,QAAQ,CAAC,aAAa,CAAC,GAAG,UAAU,CAAC;gBACrC,QAAQ,CAAC,SAAS,CAAC,GAAG,OAAO,CAAC;gBAE9B,IAAI,KAAK,GAAG,EAAE,CAAC;gBACf,IAAI,IAAI,GAAG,OAAO,CAAC,UAAU,CAAC,CAAC,MAAM,CAAC,CAAC;gBAEvC,KAAK,IAAI,CAAC,GAAG,CAAC,EAAE,CAAC,GAAG,IAAI,CAAC,MAAM,EAAE,CAAC,EAAE,EAAE;oBACpC,IAAI,GAAG,GAAG,IAAI,CAAC,CAAC,CAAC,CAAC;oBAClB,IAAI,IAAI,GAAG,EAAE,CAAC;oBACd,IAAI,CAAC,KAAK,CAAC,GAAG,GAAG,CAAC,WAAW,CAAC,CAAC;oBAC/B,IAAI,CAAC,OAAO,CAAC,GAAG,GAAG,CAAC,UAAU,CAAC,CAAC,OAAO,CAAC,CAAC;oBACzC,IAAI,CAAC,UAAU,CAAC,GAAE,IAAI,CAAC,cAAc,CAAC,GAAG,CAAC,CAAC;oBAC3C,IAAI,CAAC,aAAa,CAAC,GAAI,GAAG,CAAC,qBAAqB,CAAC,CAAC,CAAC,CAAC,CAAC;oBACrD,IAAI,CAAC,cAAc,CAAC,GAAG,GAAG,CAAC,sBAAsB,CAAC,CAAC,CAAC,CAAC,CAAC;oBACtD,IAAI,CAAC,eAAe,CAAC,GAAG,cAAc,CAAC,aAAa,CAAC,KAAK,EAAE,IAAI,EAAE,KAAK,EAAE,GAAG,CAAC,CAAC;oBAC9E,KAAK,CAAC,IAAI,CAAC,IAAI,CAAC,CAAC;iBAClB;gBAED,QAAQ,CAAC,OAAO,CAAC,GAAG,KAAK,CAAC;gBAC1B,OAAO,eAAU,CAAC,EAAE,CAAC,QAAQ,CAAC,CAAC;YACjC,CAAC,CAAC,CAAC;QACL,CAAC;KAOF;IA/HY,qBAAS,YA+HrB,CAAA;AACH,CAAC,EAtIa,WAAW,GAAX,mBAAW,KAAX,mBAAW,QAsIxB;AAED,MAAM,CAAC,OAAO,GAAG,IAAI,WAAW,CAAC,SAAS,EAAE,CAAC,OAAO,EAAE,CAAC"},"all":true},"/opt/redbox-portal/api/controllers/DynamicAssetController.js":{"path":"/opt/redbox-portal/api/controllers/DynamicAssetController.js","statementMap":{"0":{"start":{"line":2,"column":0},"end":{"line":2,"column":62}},"1":{"start":{"line":3,"column":19},"end":{"line":3,"column":55}},"2":{"start":{"line":5,"column":0},"end":{"line":23,"column":68}},"3":{"start":{"line":8,"column":12},"end":{"line":8,"column":32}},"4":{"start":{"line":9,"column":12},"end":{"line":11,"column":14}},"5":{"start":{"line":14,"column":26},"end":{"line":14,"column":44}},"6":{"start":{"line":15,"column":12},"end":{"line":16,"column":49}},"7":{"start":{"line":16,"column":16},"end":{"line":16,"column":49}},"8":{"start":{"line":17,"column":12},"end":{"line":17,"column":58}},"9":{"start":{"line":18,"column":12},"end":{"line":18,"column":77}},"10":{"start":{"line":19,"column":12},"end":{"line":19,"column":88}},"11":{"start":{"line":22,"column":4},"end":{"line":22,"column":44}},"12":{"start":{"line":24,"column":0},"end":{"line":24,"column":58}}},"fnMap":{"0":{"name":"(anonymous_0)","decl":{"start":{"line":5,"column":1},"end":{"line":5,"column":2}},"loc":{"start":{"line":5,"column":24},"end":{"line":23,"column":1}},"line":5},"1":{"name":"(anonymous_1)","decl":{"start":{"line":7,"column":8},"end":{"line":7,"column":9}},"loc":{"start":{"line":7,"column":22},"end":{"line":12,"column":9}},"line":7},"2":{"name":"(anonymous_2)","decl":{"start":{"line":13,"column":8},"end":{"line":13,"column":9}},"loc":{"start":{"line":13,"column":22},"end":{"line":20,"column":9}},"line":13}},"branchMap":{"0":{"loc":{"start":{"line":15,"column":12},"end":{"line":16,"column":49}},"type":"if","locations":[{"start":{"line":15,"column":12},"end":{"line":16,"column":49}},{"start":{"line":15,"column":12},"end":{"line":16,"column":49}}],"line":15},"1":{"loc":{"start":{"line":23,"column":17},"end":{"line":23,"column":66}},"type":"binary-expr","locations":[{"start":{"line":23,"column":17},"end":{"line":23,"column":36}},{"start":{"line":23,"column":41},"end":{"line":23,"column":65}}],"line":23}},"s":{"0":0,"1":0,"2":0,"3":0,"4":0,"5":0,"6":0,"7":0,"8":0,"9":0,"10":0,"11":0,"12":0},"f":{"0":0,"1":0,"2":0},"b":{"0":[0,0],"1":[0,0]},"inputSourceMap":{"version":3,"file":"DynamicAssetController.js","sourceRoot":"","sources":["../../typescript/api/controllers/DynamicAssetController.ts"],"names":[],"mappings":";;AA0BA,wDAAyD;AACzD,IAAc,WAAW,CAwCxB;AAxCD,WAAc,WAAW;IAMvB,kBAA0B,SAAQ,UAAU,CAAC,WAAW,CAAC,IAAI,CAAC,UAAU;QAAxE;;YAKY,qBAAgB,GAAQ;gBAC9B,KAAK;aACR,CAAC;QA0BJ,CAAC;QAZQ,GAAG,CAAC,GAAG,EAAE,GAAG;YACjB,IAAI,OAAO,GAAG,GAAG,CAAC,KAAK,CAAC,OAAO,CAAC,CAAC;YACjC,IAAI,CAAC,OAAO;gBAAE,OAAO,GAAG,sBAAsB,CAAA;YAC9C,KAAK,CAAC,GAAG,CAAC,OAAO,CAAC,iBAAiB,OAAO,EAAE,CAAC,CAAC;YAC9C,GAAG,CAAC,GAAG,CAAC,cAAc,EAAC,KAAK,CAAC,MAAM,CAAC,YAAY,CAAC,OAAO,CAAC,CAAC,IAAI,CAAC,CAAC;YAChE,OAAO,GAAG,CAAC,IAAI,CAAC,KAAK,CAAC,MAAM,CAAC,YAAY,CAAC,OAAO,CAAC,CAAC,IAAI,EAAE,EAAC,MAAM,EAAC,KAAK,EAAC,CAAC,CAAC;QAC3E,CAAC;KAMF;IAjCY,wBAAY,eAiCxB,CAAA;AACH,CAAC,EAxCa,WAAW,GAAX,mBAAW,KAAX,mBAAW,QAwCxB;AAED,MAAM,CAAC,OAAO,GAAG,IAAI,WAAW,CAAC,YAAY,EAAE,CAAC,OAAO,EAAE,CAAC"},"all":true},"/opt/redbox-portal/api/controllers/EmailController.js":{"path":"/opt/redbox-portal/api/controllers/EmailController.js","statementMap":{"0":{"start":{"line":2,"column":0},"end":{"line":2,"column":62}},"1":{"start":{"line":3,"column":19},"end":{"line":3,"column":55}},"2":{"start":{"line":5,"column":0},"end":{"line":55,"column":68}},"3":{"start":{"line":8,"column":12},"end":{"line":8,"column":32}},"4":{"start":{"line":9,"column":12},"end":{"line":11,"column":14}},"5":{"start":{"line":14,"column":12},"end":{"line":17,"column":13}},"6":{"start":{"line":15,"column":16},"end":{"line":15,"column":85}},"7":{"start":{"line":16,"column":16},"end":{"line":16,"column":23}},"8":{"start":{"line":18,"column":12},"end":{"line":21,"column":13}},"9":{"start":{"line":19,"column":16},"end":{"line":19,"column":88}},"10":{"start":{"line":20,"column":16},"end":{"line":20,"column":23}},"11":{"start":{"line":22,"column":21},"end":{"line":22,"column":32}},"12":{"start":{"line":23,"column":27},"end":{"line":23,"column":44}},"13":{"start":{"line":25,"column":12},"end":{"line":30,"column":13}},"14":{"start":{"line":26,"column":16},"end":{"line":26,"column":43}},"15":{"start":{"line":29,"column":16},"end":{"line":29,"column":85}},"16":{"start":{"line":31,"column":23},"end":{"line":31,"column":25}},"17":{"start":{"line":32,"column":12},"end":{"line":34,"column":13}},"18":{"start":{"line":33,"column":16},"end":{"line":33,"column":37}},"19":{"start":{"line":35,"column":32},"end":{"line":35,"column":78}},"20":{"start":{"line":36,"column":12},"end":{"line":51,"column":15}},"21":{"start":{"line":37,"column":16},"end":{"line":50,"column":17}},"22":{"start":{"line":38,"column":20},"end":{"line":38,"column":64}},"23":{"start":{"line":41,"column":39},"end":{"line":41,"column":97}},"24":{"start":{"line":42,"column":20},"end":{"line":49,"column":23}},"25":{"start":{"line":43,"column":24},"end":{"line":48,"column":25}},"26":{"start":{"line":44,"column":28},"end":{"line":44,"column":71}},"27":{"start":{"line":47,"column":28},"end":{"line":47,"column":69}},"28":{"start":{"line":54,"column":4},"end":{"line":54,"column":30}},"29":{"start":{"line":56,"column":0},"end":{"line":56,"column":51}}},"fnMap":{"0":{"name":"(anonymous_0)","decl":{"start":{"line":5,"column":1},"end":{"line":5,"column":2}},"loc":{"start":{"line":5,"column":24},"end":{"line":55,"column":1}},"line":5},"1":{"name":"(anonymous_1)","decl":{"start":{"line":7,"column":8},"end":{"line":7,"column":9}},"loc":{"start":{"line":7,"column":22},"end":{"line":12,"column":9}},"line":7},"2":{"name":"(anonymous_2)","decl":{"start":{"line":13,"column":8},"end":{"line":13,"column":9}},"loc":{"start":{"line":13,"column":35},"end":{"line":52,"column":9}},"line":13},"3":{"name":"(anonymous_3)","decl":{"start":{"line":36,"column":36},"end":{"line":36,"column":37}},"loc":{"start":{"line":36,"column":51},"end":{"line":51,"column":13}},"line":36},"4":{"name":"(anonymous_4)","decl":{"start":{"line":42,"column":43},"end":{"line":42,"column":44}},"loc":{"start":{"line":42,"column":57},"end":{"line":49,"column":21}},"line":42}},"branchMap":{"0":{"loc":{"start":{"line":14,"column":12},"end":{"line":17,"column":13}},"type":"if","locations":[{"start":{"line":14,"column":12},"end":{"line":17,"column":13}},{"start":{"line":14,"column":12},"end":{"line":17,"column":13}}],"line":14},"1":{"loc":{"start":{"line":18,"column":12},"end":{"line":21,"column":13}},"type":"if","locations":[{"start":{"line":18,"column":12},"end":{"line":21,"column":13}},{"start":{"line":18,"column":12},"end":{"line":21,"column":13}}],"line":18},"2":{"loc":{"start":{"line":25,"column":12},"end":{"line":30,"column":13}},"type":"if","locations":[{"start":{"line":25,"column":12},"end":{"line":30,"column":13}},{"start":{"line":25,"column":12},"end":{"line":30,"column":13}}],"line":25},"3":{"loc":{"start":{"line":32,"column":12},"end":{"line":34,"column":13}},"type":"if","locations":[{"start":{"line":32,"column":12},"end":{"line":34,"column":13}},{"start":{"line":32,"column":12},"end":{"line":34,"column":13}}],"line":32},"4":{"loc":{"start":{"line":37,"column":16},"end":{"line":50,"column":17}},"type":"if","locations":[{"start":{"line":37,"column":16},"end":{"line":50,"column":17}},{"start":{"line":37,"column":16},"end":{"line":50,"column":17}}],"line":37},"5":{"loc":{"start":{"line":43,"column":24},"end":{"line":48,"column":25}},"type":"if","locations":[{"start":{"line":43,"column":24},"end":{"line":48,"column":25}},{"start":{"line":43,"column":24},"end":{"line":48,"column":25}}],"line":43},"6":{"loc":{"start":{"line":55,"column":17},"end":{"line":55,"column":66}},"type":"binary-expr","locations":[{"start":{"line":55,"column":17},"end":{"line":55,"column":36}},{"start":{"line":55,"column":41},"end":{"line":55,"column":65}}],"line":55}},"s":{"0":0,"1":0,"2":0,"3":0,"4":0,"5":0,"6":0,"7":0,"8":0,"9":0,"10":0,"11":0,"12":0,"13":0,"14":0,"15":0,"16":0,"17":0,"18":0,"19":0,"20":0,"21":0,"22":0,"23":0,"24":0,"25":0,"26":0,"27":0,"28":0,"29":0},"f":{"0":0,"1":0,"2":0,"3":0,"4":0},"b":{"0":[0,0],"1":[0,0],"2":[0,0],"3":[0,0],"4":[0,0],"5":[0,0],"6":[0,0]},"inputSourceMap":{"version":3,"file":"EmailController.js","sourceRoot":"","sources":["../../typescript/api/controllers/EmailController.ts"],"names":[],"mappings":";;AAwBA,wDAAyD;AAEzD,IAAc,WAAW,CA6FxB;AA7FD,WAAc,WAAW;IAMvB,WA
[...]
80,"column":46},"end":{"line":80,"column":47}},"loc":{"start":{"line":80,"column":52},"end":{"line":83,"column":11}},"line":80},"14":{"name":"(anonymous_14)","decl":{"start":{"line":90,"column":13},"end":{"line":90,"column":14}},"loc":{"start":{"line":90,"column":25},"end":{"line":94,"column":5}},"line":90},"15":{"name":"(anonymous_15)","decl":{"start":{"line":95,"column":15},"end":{"line":95,"column":16}},"loc":{"start":{"line":95,"column":25},"end":{"line":136,"column":5}},"line":95},"16":{"name":"(anonymous_16)","decl":{"start":{"line":97,"column":22},"end":{"line":97,"column":23}},"loc":{"start":{"line":97,"column":33},"end":{"line":120,"column":6}},"line":97},"17":{"name":"(anonymous_17)","decl":{"start":{"line":124,"column":62},"end":{"line":124,"column":63}},"loc":{"start":{"line":124,"column":74},"end":{"line":133,"column":7}},"line":124},"18":{"name":"(anonymous_18)","decl":{"start":{"line":137,"column":4},"end":{"line":137,"column":5}},"loc":{"start":{"line":137,"column":13},"end":{"line":140,"column":5}},"line":137}},"branchMap":{"0":{"loc":{"start":{"line":21,"column":4},"end":{"line":24,"column":5}},"type":"if","locations":[{"start":{"line":21,"column":4},"end":{"line":24,"column":5}},{"start":{"line":21,"column":4},"end":{"line":24,"column":5}}],"line":21},"1":{"loc":{"start":{"line":21,"column":8},"end":{"line":21,"column":81}},"type":"binary-expr","locations":[{"start":{"line":21,"column":8},"end":{"line":21,"column":48}},{"start":{"line":21,"column":52},"end":{"line":21,"column":81}}],"line":21},"2":{"loc":{"start":{"line":61,"column":6},"end":{"line":69,"column":7}},"type":"if","locations":[{"start":{"line":61,"column":6},"end":{"line":69,"column":7}},{"start":{"line":61,"column":6},"end":{"line":69,"column":7}}],"line":61},"3":{"loc":{"start":{"line":78,"column":6},"end":{"line":86,"column":7}},"type":"if","locations":[{"start":{"line":78,"column":6},"end":{"line":86,"column":7}},{"start":{"line":78,"column":6},"end":{"line":86,"column":7}}],"line":78},"4":{"loc":{"start":{"line":125,"column":8},"end":{"line":132,"column":9}},"type":"if","locations":[{"start":{"line":125,"column":8},"end":{"line":132,"column":9}},{"start":{"line":125,"column":8},"end":{"line":132,"column":9}}],"line":125}},"s":{"0":0,"1":0,"2":0,"3":0,"4":0,"5":0,"6":0,"7":0,"8":0,"9":0,"10":0,"11":0,"12":0,"13":0,"14":0,"15":0,"16":0,"17":0,"18":0,"19":0,"20":0,"21":0,"22":0,"23":0,"24":0,"25":0,"26":0,"27":0,"28":0,"29":0,"30":0,"31":0,"32":0,"33":0,"34":0,"35":0,"36":0,"37":0,"38":0,"39":0,"40":0,"41":0,"42":0,"43":0,"44":0,"45":0,"46":0,"47":0,"48":0,"49":0,"50":0,"51":0,"52":0,"53":0,"54":0,"55":0,"56":0,"57":0,"58":0,"59":0,"60":0,"61":0,"62":0,"63":0,"64":0,"65":0,"66":0,"67":0,"68":0,"69":0,"70":0,"71":0,"72":0,"73":0,"74":0,"75":0,"76":0},"f":{"0":0,"1":0,"2":0,"3":0,"4":0,"5":0,"6":0,"7":0,"8":0,"9":0,"10":0,"11":0,"12":0,"13":0,"14":0,"15":0,"16":0,"17":0,"18":0},"b":{"0":[0,0],"1":[0,0],"2":[0,0],"3":[0,0],"4":[0,0]},"all":true},"/opt/redbox-portal/config/cors.js":{"path":"/opt/redbox-portal/config/cors.js","statementMap":{"0":{"start":{"line":29,"column":0},"end":{"line":78,"column":2}}},"fnMap":{},"branchMap":{},"s":{"0":0},"f":{},"b":{},"all":true},"/opt/redbox-portal/config/crontab.js":{"path":"/opt/redbox-portal/config/crontab.js","statementMap":{"0":{"start":{"line":1,"column":0},"end":{"line":8,"column":1}},"1":{"start":{"line":4,"column":4},"end":{"line":6,"column":6}}},"fnMap":{"0":{"name":"(anonymous_0)","decl":{"start":{"line":3,"column":9},"end":{"line":3,"column":10}},"loc":{"start":{"line":3,"column":20},"end":{"line":7,"column":3}},"line":3}},"branchMap":{},"s":{"0":0,"1":0},"f":{"0":0},"b":{},"all":true},"/opt/redbox-portal/config/csrf.js":{"path":"/opt/redbox-portal/config/csrf.js","statementMap":{"0":{"start":{"line":65,"column":0},"end":{"line":67,"column":2}}},"fnMap":{},"branchMap":{},"s":{"0":0},"f":{},"b":{},"all":true},"/opt/redbox-portal/config/custom_cache.js":{"path":"/opt/redbox-portal/config/custom_cache.js","statementMap":{"0":{"start":{"line":1,"column":0},"end":{"line":3,"column":2}}},"fnMap":{},"branchMap":{},"s":{"0":0},"f":{},"b":{},"all":true},"/opt/redbox-portal/config/datapubs.js":{"path":"/opt/redbox-portal/config/datapubs.js","statementMap":{"0":{"start":{"line":1,"column":0},"end":{"line":24,"column":2}}},"fnMap":{},"branchMap":{},"s":{"0":0},"f":{},"b":{},"all":true},"/opt/redbox-portal/config/datastores.js":{"path":"/opt/redbox-portal/config/datastores.js","statementMap":{"0":{"start":{"line":5,"column":0},"end":{"line":18,"column":2}}},"fnMap":{},"branchMap":{},"s":{"0":0},"f":{},"b":{},"all":true},"/opt/redbox-portal/config/dynamicasset.js":{"path":"/opt/redbox-portal/config/dynamicasset.js","statementMap":{"0":{"start":{"line":1,"column":0},"end":{"line":69,"column":2}}},"fnMap":{},"branchMap":{},"s":{"0":0},"f":{},"b":{},"all":true},"/opt/redbox-portal/config/dynamicconfig.js":{"path":"/opt/redbox-portal/config/dynamicconfig.js","statementMap":{"0":{"start":{"line":1,"column":0},"end":{"line":3,"column":2}}},"fnMap":{},"branchMap":{},"s":{"0":0},"f":{},"b":{},"all":true},"/opt/redbox-portal/config/emailnotification.js":{"path":"/opt/redbox-portal/config/emailnotification.js","statementMap":{"0":{"start":{"line":1,"column":0},"end":{"line":19,"column":4}}},"fnMap":{},"branchMap":{},"s":{"0":0},"f":{},"b":{},"all":true},"/opt/redbox-portal/config/env/acceptance.js":{"path":"/opt/redbox-portal/config/env/acceptance.js","statementMap":{"0":{"start":{"line":13,"column":0},"end":{"line":52,"column":2}}},"fnMap":{},"branchMap":{},"s":{"0":0},"f":{},"b":{},"all":true},"/opt/redbox-portal/config/env/development.js":{"path":"/opt/redbox-portal/config/env/development.js","statementMap":{"0":{"start":{"line":13,"column":0},"end":{"line":76,"column":2}}},"fnMap":{},"branchMap":{},"s":{"0":0},"f":{},"b":{},"all":true},"/opt/redbox-portal/config/env/docker.js":{"path":"/opt/redbox-portal/config/env/docker.js","statementMap":{"0":{"start":{"line":13,"column":0},"end":{"line":83,"column":2}}},"fnMap":{},"branchMap":{},"s":{"0":0},"f":{},"b":{},"all":true},"/opt/redbox-portal/config/env/production.js":{"path":"/opt/redbox-portal/config/env/production.js","statementMap":{"0":{"start":{"line":13,"column":0},"end":{"line":41,"column":2}}},"fnMap":{},"branchMap":{},"s":{"0":0},"f":{},"b":{},"all":true},"/opt/redbox-portal/config/env/test.js":{"path":"/opt/redbox-portal/config/env/test.js","statementMap":{"0":{"start":{"line":13,"column":0},"end":{"line":66,"column":2}}},"fnMap":{},"branchMap":{},"s":{"0":0},"f":{},"b":{},"all":true},"/opt/redbox-portal/config/form.js":{"path":"/opt/redbox-portal/config/form.js","statementMap":{"0":{"start":{"line":4,"column":8},"end":{"line":4,"column":25}},"1":{"start":{"line":5,"column":21},"end":{"line":5,"column":70}},"2":{"start":{"line":6,"column":15},"end":{"line":6,"column":61}},"3":{"start":{"line":7,"column":26},"end":{"line":7,"column":93}},"4":{"start":{"line":8,"column":35},"end":{"line":8,"column":106}},"5":{"start":{"line":9,"column":35},"end":{"line":9,"column":106}},"6":{"start":{"line":10,"column":36},"end":{"line":10,"column":108}},"7":{"start":{"line":11,"column":32},"end":{"line":11,"column":100}},"8":{"start":{"line":12,"column":33},"end":{"line":12,"column":102}},"9":{"start":{"line":13,"column":35},"end":{"line":13,"column":106}},"10":{"start":{"line":14,"column":0},"end":{"line":27,"column":2}}},"fnMap":{},"branchMap":{},"s":{"0":0,"1":0,"2":0,"3":0,"4":0,"5":0,"6":0,"7":0,"8":0,"9":0,"10":0},"f":{},"b":{},"all":true},"/opt/redbox-portal/config/globals.js":{"path":"/opt/redbox-portal/config/globals.js","statementMap":{"0":{"start":{"line":6,"column":1},"end":{"line":16,"column":3}}},"fnMap":{},"branchMap":{},"s":{"0":0},"f":{},"b":{},"all":true},"/opt/redbox-portal/config/http.js":{"path":"/opt/redbox-portal/config/http.js","statementMap":{"0":{"start":{"line":12,"column":0},"end":{"line":177,"column":2}},"1":{"start":{"line":37,"column":16},"end":{"line":37,"column":23}},"2":{"start":{"line":38,"column":21},"end":{"line":38,"column":35}},"3":{"start":{"line":40,"column":6},"end":{"line":81,"column":7}},"4":{"start":{"line":41,"column":23},"end":{"line":41,"column":34}},"5":{"start":{"line":42,"column":21},"end":{"line":42,"column":32}},"6":{"start":{"line":43,"column":8},"end":{"line":45,"column":9}},"7":{"start":{"line":44,"column":10},"end":{"line":44,"column":34}},"8":{"start":{"line":46,"column":8},"end":{"line":48,"column":9}},"9":{"start":{"line":47,"column":10},"end":{"line":47,"column":49}},"10":{"start":{"line":49,"column":8},"end":{"line":51,"column":9}},"11":{"start":{"line":50,"column":10},"end":{"line":50,"column":45}},"12":{"start":{"line":53,"column":31},"end":{"line":53,"column":75}},"13":{"start":{"line":54,"column":8},"end":{"line":56,"column":9}},"14":{"start":{"line":55,"column":10},"end":{"line":55,"column":94}},"15":{"start":{"line":57,"column":25},"end":{"line":57,"column":47}},"16":{"start":{"line":58,"column":27},"end":{"line":58,"column":31}},"17":{"start":{"line":59,"column":29},"end":{"line":59,"column":118}},"18":{"start":{"line":60,"column":8},"end":{"line":62,"column":9}},"19":{"start":{"line":61,"column":10},"end":{"line":61,"column":80}},"20":{"start":{"line":64,"column":8},"end":{"line":69,"column":9}},"21":{"start":{"line":65,"column":10},"end":{"line":65,"column":108}},"22":{"start":{"line":66,"column":10},"end":{"line":68,"column":11}},"23":{"start":{"line":67,"column":12},"end":{"line":67,"column":73}},"24":{"start":{"line":70,"column":8},"end":{"line":75,"column":9}},"25":{"start":{"line":71,"column":10},"end":{"line":71,"column":101}},"26":{"start":{"line":72,"column":10},"end":{"line":74,"column":11}},"27":{"start":{"line":73,"column":12},"end":{"line":73,"column":66}},"28":{"start":{"line":78,"column":8},"end":{"line":80,"column":9}},"29":{"start":{"line":79,"column":10},"end":{"line":79,"column":33}},"30":{"start":{"line":82,"column":6},"end":{"line":82,"column":13}},"31":{"start":{"line":85,"column":6},"end":{"line":85,"column":13}},"32":{"start":{"line":154,"column":6},"end":{"line":156,"column":7}},"33":{"start":{"line":155,"column":8},"end":{"line":155,"column":22}},"34":{"start":{"line":157,"column":20},"end":{"line":160,"column":8}},"35":{"start":{"line":161,"column":6},"end":{"line":161,"column":37}}},"fnMap":{"0":{"name":"(anonymous_0)","decl":{"start":{"line":34,"column":40},"end":{"line":34,"column":41}},"loc":{"start":{"line":34,"column":65},"end":{"line":83,"column":5}},"line":34},"1":{"name":"(anonymous_1)","decl":{"start":{"line":84,"column":15},"end":{"line":84,"column":16}},"loc":{"start":{"line":84,"column":39},"end":{"line":86,"column":5}},"line":84},"2":{"name":"(anonymous_2)","decl":{"start":{"line":152,"column":18},"end":{"line":152,"column":19}},"loc":{"start":{"line":152,"column":43},"end":{"line":162,"column":5}},"line":152}},"branchMap":{"0":{"loc":{"start":{"line":40,"column":6},"end":{"line":81,"column":7}},"type":"if","locations":[{"start":{"line":40,"column":6},"end":{"line":81,"column":7}},{"start":{"line":40,"column":6},"end":{"line":81,"column":7}}],"line":40},"1":{"loc":{"start":{"line":43,"column":8},"end":{"line":45,"column":9}},"type":"if","locations":[{"start":{"line":43,"column":8},"end":{"line":45,"column":9}},{"start":{"line":43,"column":8},"end":{"line":45,"column":9}}],"line":43},"2":{"loc":{"start":{"line":46,"column":8},"end":{"line":48,"column":9}},"type":"if","locations":[{"start":{"line":46,"column":8},"end":{"line":48,"column":9}},{"start":{"line":46,"column":8},"end":{"line":48,"column":9}}],"line":46},"3":{"loc":{"start":{"line":46,"column":12},"end":{"line":46,"column":67}},"type":"binary-expr","locations":[{"start":{"line":46,"column":12},"end":{"line":46,"column":28}},{"start":{"line":46,"column":32},"end":{"line":46,"column":67}}],"line":46},"4":{"loc":{"start":{"line":49,"column":8},"end":{"line":51,"column":9}},"type":"if","locations":[{"start":{"line":49,"column":8},"end":{"line":51,"column":9}},{"start":{"line":49,"column":8},"end":{"line":51,"column":9}}],"line":49},"5":{"loc":{"start":{"line":49,"column":12},"end":{"line":49,"column":63}},"type":"binary-expr","locations":[{"start":{"line":49,"column":12},"end":{"line":49,"column":26}},{"start":{"line":49,"column":30},"end":{"line":49,"column":63}}],"line":49},"6":{"loc":{"start":{"line":54,"column":8},"end":{"line":56,"column":9}},"type":"if","locations":[{"start":{"line":54,"column":8},"end":{"line":56,"column":9}},{"start":{"line":54,"column":8},"end":{"line":56,"column":9}}],"line":54},"7":{"loc":{"start":{"line":60,"column":8},"end":{"line":62,"column":9}},"type":"if","locations":[{"start":{"line":60,"column":8},"end":{"line":62,"column":9}},{"start":{"line":60,"column":8},"end":{"line":62,"column":9}}],"line":60},"8":{"loc":{"start":{"line":64,"column":8},"end":{"line":69,"column":9}},"type":"if","locations":[{"start":{"line":64,"column":8},"end":{"line":69,"column":9}},{"start":{"line":64,"column":8},"end":{"line":69,"column":9}}],"line":64},"9":{"loc":{"start":{"line":66,"column":10},"end":{"line":68,"column":11}},"type":"if","locations":[{"start":{"line":66,"column":10},"end":{"line":68,"column":11}},{"start":{"line":66,"column":10},"end":{"line":68,"column":11}}],"line":66},"10":{"loc":{"start":{"line":70,"column":8},"end":{"line":75,"column":9}},"type":"if","locations":[{"start":{"line":70,"column":8},"end":{"line":75,"column":9}},{"start":{"line":70,"column":8},"end":{"line":75,"column":9}}],"line":70},"11":{"loc":{"start":{"line":72,"column":10},"end":{"line":74,"column":11}},"type":"if","locations":[{"start":{"line":72,"column":10},"end":{"line":74,"column":11}},{"start":{"line":72,"column":10},"end":{"line":74,"column":11}}],"line":72},"12":{"loc":{"start":{"line":78,"column":8},"end":{"line":80,"column":9}},"type":"if","locations":[{"start":{"line":78,"column":8},"end":{"line":80,"column":9}},{"start":{"line":78,"column":8},"end":{"line":80,"column":9}}],"line":78},"13":{"loc":{"start":{"line":154,"column":6},"end":{"line":156,"column":7}},"type":"if","locations":[{"start":{"line":154,"column":6},"end":{"line":156,"column":7}},{"start":{"line":154,"column":6},"end":{"line":156,"column":7}}],"line":154}},"s":{"0":0,"1":0,"2":0,"3":0,"4":0,"5":0,"6":0,"7":0,"8":0,"9":0,"10":0,"11":0,"12":0,"13":0,"14":0,"15":0,"16":0,"17":0,"18":0,"19":0,"20":0,"21":0,"22":0,"23":0,"24":0,"25":0,"26":0,"27":0,"28":0,"29":0,"30":0,"31":0,"32":0,"33":0,"34":0,"35":0},"f":{"0":0,"1":0,"2":0},"b":{"0":[0,0],"1":[0,0],"2":[0,0],"3":[0,0],"4":[0,0],"5":[0,0],"6":[0,0],"7":[0,0],"8":[0,0],"9":[0,0],"10":[0,0],"11":[0,0],"12":[0,0],"13":[0,0]},"all":true},"/opt/redbox-portal/config/i18n.js":{"path":"/opt/redbox-portal/config/i18n.js","statementMap":{"0":{"start":{"line":18,"column":0},"end":{"line":57,"column":2}}},"fnMap":{},"branchMap":{},"s":{"0":0},"f":{},"b":{},"all":true},"/opt/redbox-portal/config/jsonld.js":{"path":"/opt/redbox-portal/config/jsonld.js","statementMap":{"0":{"start":{"line":6,"column":0},"end":{"line":28,"column":2}}},"fnMap":{},"branchMap":{},"s":{"0":0},"f":{},"b":{},"all":true},"/opt/redbox-portal/config/log.js":{"path":"/opt/redbox-portal/config/log.js","statementMap":{"0":{"start":{"line":13,"column":0},"end":{"line":15,"column":2}}},"fnMap":{},"branchMap":{},"s":{"0":0},"f":{},"b":{},"all":true},"/opt/redbox-portal/config/mint.js":{"path":"/opt/redbox-portal/config/mint.js","statementMap":{"0":{"start":{"line":1,"column":0},"end":{"line":9,"column":2}}},"fnMap":{},"branchMap":{},"s":{"0":0},"f":{},"b":{},"all":true},"/opt/redbox-portal/config/models.js":{"path":"/opt/redbox-portal/config/models.js","statementMap":{"0":{"start":{"line":12,"column":0},"end":{"line":70,"column":2}}},"fnMap":{},"branchMap":{},"s":{"0":0},"f":{},"b":{},"all":true},"/opt/redbox-portal/config/ng2.js":{"path":"/opt/redbox-portal/config/ng2.js","statementMap":{"0":{"start":{"line":5,"column":0},"end":{"line":9,"column":2}}},"fnMap":{},"branchMap":{},"s":{"0":0},"f":{},"b":{},"all":true},"/opt/redbox-portal/config/orcid.js":{"path":"/opt/redbox-portal/config/orcid.js","statementMap":{"0":{"start":{"line":1,"column":0},"end":{"line":3,"column":2}}},"fnMap":{},"branchMap":{},"s":{"0":0},"f":{},"b":{},"all":true},"/opt/redbox-portal/config/orm.js":{"path":"/opt/redbox-portal/config/orm.js","statementMap":{"0":{"start":{"line":1,"column":0},"end":{"line":3,"column":2}}},"fnMap":{},"branchMap":{},"s":{"0":0},"f":{},"b":{},"all":true},"/opt/redbox-portal/config/peopleSearch.js":{"path":"/opt/redbox-portal/config/peopleSearch.js","statementMap":{"0":{"start":{"line":1,"column":0},"end":{"line":4,"column":2}}},"fnMap":{},"branchMap":{},"s":{"0":0},"f":{},"b":{},"all":true},"/opt/redbox-portal/config/policies.js":{"path":"/opt/redbox-portal/config/policies.js","statementMap":{"0":{"start":{"line":20,"column":0},"end":{"line":63,"column":2}}},"fnMap":{},"branchMap":{},"s":{"0":0},"f":{},"b":{},"all":true},"/opt/redbox-portal/config/record.js":{"path":"/opt/redbox-portal/config/record.js","statementMap":{"0":{"start":{"line":1,"column":0},"end":{"line":70,"column":2}}},"fnMap":{},"branchMap":{},"s":{"0":0},"f":{},"b":{},"all":true},"/opt/redbox-portal/config/recordtype.js":{"path":"/opt/redbox-portal/config/recordtype.js","statementMap":{"0":{"start":{"line":1,"column":0},"end":{"line":512,"column":2}}},"fnMap":{},"branchMap":{},"s":{"0":0},"f":{},"b":{},"all":true},"/opt/redbox-portal/config/redboxToCKAN.js":{"path":"/opt/redbox-portal/config/redboxToCKAN.js","statementMap":{"0":{"start":{"line":1,"column":0},"end":{"line":8,"column":1}}},"fnMap":{},"branchMap":{},"s":{"0":0},"f":{},"b":{},"all":true},"/opt/redbox-portal/config/report.js":{"path":"/opt/redbox-portal/config/report.js","statementMap":{"0":{"start":{"line":1,"column":0},"end":{"line":34,"column":2}}},"fnMap":{},"branchMap":{},"s":{"0":0},"f":{},"b":{},"all":true},"/opt/redbox-portal/config/routes.js":{"path":"/opt/redbox-portal/config/routes.js","statementMap":{"0":{"start":{"line":23,"column":0},"end":{"line":294,"column":2}}},"fnMap":{},"branchMap":{},"s":{"0":0},"f":{},"b":{},"all":true},"/opt/redbox-portal/config/session.js":{"path":"/opt/redbox-portal/config/session.js","statementMap":{"0":{"start":{"line":15,"column":0},"end":{"line":100,"column":2}}},"fnMap":{},"branchMap":{},"s":{"0":0},"f":{},"b":{},"all":true},"/opt/redbox-portal/config/sockets.js":{"path":"/opt/redbox-portal/config/sockets.js","statementMap":{"0":{"start":{"line":13,"column":0},"end":{"line":141,"column":2}}},"fnMap":{},"branchMap":{},"s":{"0":0},"f":{},"b":{},"all":true},"/opt/redbox-portal/config/static_assets.js":{"path":"/opt/redbox-portal/config/static_assets.js","statementMap":{"0":{"start":{"line":1,"column":0},"end":{"line":4,"column":2}}},"fnMap":{},"branchMap":{},"s":{"0":0},"f":{},"b":{},"all":true},"/opt/redbox-portal/config/typescript.js":{"path":"/opt/redbox-portal/config/typescript.js","statementMap":{"0":{"start":{"line":1,"column":0},"end":{"line":3,"column":2}}},"fnMap":{},"branchMap":{},"s":{"0":0},"f":{},"b":{},"all":true},"/opt/redbox-portal/config/views.js":{"path":"/opt/redbox-portal/config/views.js","statementMap":{"0":{"start":{"line":14,"column":0},"end":{"line":95,"column":2}}},"fnMap":{},"branchMap":{},"s":{"0":0},"f":{},"b":{},"all":true},"/opt/redbox-portal/config/vocab.js":{"path":"/opt/redbox-portal/config/vocab.js","statementMap":{"0":{"start":{"line":1,"column":0},"end":{"line":20,"column":2}}},"fnMap":{},"branchMap":{},"s":{"0":0},"f":{},"b":{},"all":true},"/opt/redbox-portal/config/workflow.js":{"path":"/opt/redbox-portal/config/workflow.js","statementMap":{"0":{"start":{"line":1,"column":0},"end":{"line":138,"column":2}}},"fnMap":{},"branchMap":{},"s":{"0":0},"f":{},"b":{},"all":true},"/opt/redbox-portal/config/workspacetype.js":{"path":"/opt/redbox-portal/config/workspacetype.js","statementMap":{"0":{"start":{"line":4,"column":0},"end":{"line":5,"column":1}}},"fnMap":{},"branchMap":{},"s":{"0":0},"f":{},"b":{},"all":true}}