TN:
SF:api/models/AsynchProgress.js
FNF:0
FNH:0
DA:7,1
DA:9,1
LF:2
LH:2
BRF:0
BRH:0
end_of_record
TN:
SF:api/models/BrandingConfig.js
FNF:0
FNH:0
DA:8,1
LF:1
LH:1
BRF:0
BRH:0
end_of_record
TN:
SF:api/models/CacheEntry.js
FNF:0
FNH:0
DA:8,1
LF:1
LH:1
BRF:0
BRH:0
end_of_record
TN:
SF:api/models/Counter.js
FNF:0
FNH:0
DA:8,1
LF:1
LH:1
BRF:0
BRH:0
end_of_record
TN:
SF:api/models/Form.js
FNF:0
FNH:0
DA:8,1
LF:1
LH:1
BRF:0
BRH:0
end_of_record
TN:
SF:api/models/PathRule.js
FNF:0
FNH:0
DA:8,1
LF:1
LH:1
BRF:0
BRH:0
end_of_record
TN:
SF:api/models/RecordType.js
FN:34,(anonymous_0)
FNF:1
FNH:1
FNDA:3,(anonymous_0)
DA:8,1
DA:35,3
DA:36,3
LF:3
LH:3
BRF:0
BRH:0
end_of_record
TN:
SF:api/models/Report.js
FN:40,(anonymous_0)
FNF:1
FNH:1
FNDA:1,(anonymous_0)
DA:8,1
DA:41,1
DA:42,1
LF:3
LH:3
BRF:0
BRH:0
end_of_record
TN:
SF:api/models/Role.js
FNF:0
FNH:0
DA:8,1
LF:1
LH:1
BRF:0
BRH:0
end_of_record
TN:
SF:api/models/ThemeConfig.js
FNF:0
FNH:0
DA:8,1
LF:1
LH:1
BRF:0
BRH:0
end_of_record
TN:
SF:api/models/User.js
FN:22,(anonymous_0)
FN:28,(anonymous_1)
FN:30,(anonymous_2)
FN:31,(anonymous_3)
FN:45,(anonymous_4)
FN:49,(anonymous_5)
FN:53,(anonymous_6)
FNF:7
FNH:6
FNDA:10,(anonymous_0)
FNDA:1,(anonymous_1)
FNDA:1,(anonymous_2)
FNDA:1,(anonymous_3)
FNDA:1,(anonymous_4)
FNDA:0,(anonymous_5)
FNDA:1,(anonymous_6)
DA:7,1
DA:8,1
DA:23,10
DA:24,10
DA:25,10
DA:26,10
DA:29,1
DA:30,1
DA:31,1
DA:32,1
DA:33,0
DA:34,0
DA:36,1
DA:37,1
DA:42,0
DA:46,1
DA:47,1
DA:50,0
DA:51,0
DA:54,1
DA:55,1
DA:56,1
DA:60,0
DA:61,0
LF:24
LH:17
BRDA:29,0,0,1
BRDA:29,0,1,0
BRDA:32,1,0,0
BRDA:32,1,1,1
BRDA:55,2,0,1
BRDA:55,2,1,0
BRF:6
BRH:3
end_of_record
TN:
SF:api/models/WorkflowStep.js
FNF:0
FNH:0
DA:8,1
LF:1
LH:1
BRF:0
BRH:0
end_of_record
TN:
SF:api/models/WorkspaceApp.js
FNF:0
FNH:0
DA:8,1
LF:1
LH:1
BRF:0
BRH:0
end_of_record
TN:
SF:api/models/WorkspaceAsync.js
FNF:0
FNH:0
DA:7,1
DA:9,1
LF:2
LH:2
BRF:0
BRH:0
end_of_record
TN:
SF:api/models/WorkspaceType.js
FNF:0
FNH:0
DA:8,1
LF:1
LH:1
BRF:0
BRH:0
end_of_record
TN:
SF:api/policies/brandingAndPortal.js
FN:1,(anonymous_0)
FNF:1
FNH:1
FNDA:12,(anonymous_0)
DA:1,1
DA:2,12
DA:3,12
DA:4,12
DA:5,12
DA:7,12
DA:8,12
DA:11,12
DA:12,0
DA:15,12
DA:17,12
DA:18,12
DA:19,12
DA:22,12
LF:14
LH:13
BRDA:4,0,0,12
BRDA:4,0,1,0
BRDA:7,1,0,12
BRDA:7,1,1,0
BRDA:7,2,0,12
BRDA:7,2,1,12
BRDA:11,3,0,0
BRDA:11,3,1,12
BRDA:17,4,0,12
BRDA:17,4,1,0
BRDA:17,5,0,12
BRDA:17,5,1,12
BRF:12
BRH:8
end_of_record
TN:
SF:api/policies/checkAuth.js
FN:1,(anonymous_0)
FNF:1
FNH:1
FNDA:12,(anonymous_0)
DA:1,1
DA:2,12
DA:3,12
DA:5,0
DA:13,12
DA:14,4
DA:17,8
DA:18,8
DA:21,12
DA:22,12
DA:26,9
DA:28,9
DA:29,6
DA:30,0
DA:32,6
DA:33,6
DA:34,4
DA:36,2
DA:41,3
DA:44,6
LF:20
LH:18
BRDA:3,0,0,0
BRDA:3,0,1,12
BRDA:13,1,0,4
BRDA:13,1,1,8
BRDA:22,2,0,9
BRDA:22,2,1,3
BRDA:28,3,0,6
BRDA:28,3,1,3
BRDA:29,4,0,0
BRDA:29,4,1,6
BRDA:32,5,0,2
BRDA:32,5,1,4
BRDA:33,6,0,4
BRDA:33,6,1,2
BRF:14
BRH:12
end_of_record
TN:
SF:api/policies/checkBrandingValid.js
FN:1,(anonymous_0)
FNF:1
FNH:1
FNDA:12,(anonymous_0)
DA:1,1
DA:3,12
DA:4,12
DA:5,12
DA:6,12
DA:7,0
DA:9,12
DA:10,12
DA:11,12
DA:12,12
DA:13,12
DA:14,12
DA:15,12
DA:18,0
DA:19,0
DA:20,0
DA:23,0
LF:17
LH:12
BRDA:6,0,0,0
BRDA:6,0,1,12
BRDA:11,1,0,12
BRDA:11,1,1,0
BRDA:14,2,0,12
BRDA:14,2,1,0
BRF:6
BRH:3
end_of_record
TN:
SF:api/policies/isAuthenticated.js
FN:1,(anonymous_0)
FNF:1
FNH:0
FNDA:0,(anonymous_0)
DA:1,1
DA:2,0
DA:3,0
DA:5,0
LF:4
LH:1
BRDA:2,0,0,0
BRDA:2,0,1,0
BRF:2
BRH:0
end_of_record
TN:
SF:api/policies/isWebServiceAuthenticated.js
FN:1,(anonymous_0)
FN:5,(anonymous_1)
FNF:2
FNH:2
FNDA:12,(anonymous_0)
FNDA:8,(anonymous_1)
DA:1,1
DA:2,12
DA:4,12
DA:5,8
DA:6,8
DA:7,0
DA:9,8
DA:12,4
LF:8
LH:7
BRDA:2,0,0,4
BRDA:2,0,1,8
BRDA:4,1,0,8
BRDA:4,1,1,4
BRDA:6,2,0,0
BRDA:6,2,1,8
BRF:6
BRH:5
end_of_record
TN:
SF:api/policies/prepWs.js
FN:1,(anonymous_0)
FN:3,(anonymous_1)
FNF:2
FNH:1
FNDA:12,(anonymous_0)
FNDA:0,(anonymous_1)
DA:1,1
DA:2,12
DA:3,0
DA:4,0
DA:6,0
DA:8,12
DA:10,12
LF:7
LH:4
BRDA:2,0,0,0
BRDA:2,0,1,12
BRDA:4,1,0,0
BRDA:4,1,1,0
BRF:4
BRH:1
end_of_record
TN:
SF:api/policies/sessionAuth.js
FN:10,(anonymous_0)
FNF:1
FNH:0
FNDA:0,(anonymous_0)
DA:10,1
DA:14,0
DA:15,0
DA:20,0
LF:4
LH:1
BRDA:14,0,0,0
BRDA:14,0,1,0
BRF:2
BRH:0
end_of_record
TN:
SF:api/responses/badRequest.js
FN:18,badRequest
FN:71,couldNotGuessView
FNF:2
FNH:0
FNDA:0,badRequest
FNDA:0,couldNotGuessView
DA:18,1
DA:21,0
DA:22,0
DA:23,0
DA:26,0
DA:29,0
DA:30,0
DA:32,0
DA:37,0
DA:38,0
DA:43,0
DA:44,0
DA:49,0
DA:52,0
DA:53,0
DA:54,0
DA:55,0
DA:58,0
DA:65,0
DA:66,0
DA:71,0
DA:72,0
LF:22
LH:1
BRDA:29,0,0,0
BRDA:29,0,1,0
BRDA:37,1,0,0
BRDA:37,1,1,0
BRDA:37,2,0,0
BRDA:37,2,1,0
BRDA:43,3,0,0
BRDA:43,3,1,0
BRDA:43,4,0,0
BRDA:43,4,1,0
BRDA:49,5,0,0
BRDA:49,5,1,0
BRDA:49,6,0,0
BRDA:49,6,1,0
BRDA:53,7,0,0
BRDA:53,7,1,0
BRDA:53,8,0,0
BRDA:53,8,1,0
BRDA:65,9,0,0
BRDA:65,9,1,0
BRF:20
BRH:0
end_of_record
TN:
SF:api/responses/created.js
FN:14,created
FN:56,couldNotGuessView
FNF:2
FNH:0
FNDA:0,created
FNDA:0,couldNotGuessView
DA:14,1
DA:17,0
DA:18,0
DA:19,0
DA:21,0
DA:24,0
DA:28,0
DA:29,0
DA:34,0
DA:37,0
DA:38,0
DA:39,0
DA:40,0
DA:43,0
DA:50,0
DA:51,0
DA:56,0
DA:57,0
LF:18
LH:1
BRDA:28,0,0,0
BRDA:28,0,1,0
BRDA:28,1,0,0
BRDA:28,1,1,0
BRDA:34,2,0,0
BRDA:34,2,1,0
BRDA:34,3,0,0
BRDA:34,3,1,0
BRDA:38,4,0,0
BRDA:38,4,1,0
BRDA:38,5,0,0
BRDA:38,5,1,0
BRDA:50,6,0,0
BRDA:50,6,1,0
BRF:14
BRH:0
end_of_record
TN:
SF:api/responses/forbidden.js
FN:15,forbidden
FN:70,(anonymous_1)
FNF:2
FNH:1
FNDA:4,forbidden
FNDA:0,(anonymous_1)
DA:15,1
DA:18,4
DA:19,4
DA:20,4
DA:23,4
DA:26,4
DA:27,4
DA:29,0
DA:34,4
DA:35,0
DA:40,4
DA:41,4
DA:46,0
DA:49,0
DA:50,0
DA:51,0
DA:52,0
DA:55,0
DA:59,0
DA:63,0
DA:65,0
DA:70,0
DA:73,0
DA:77,0
DA:78,0
DA:82,0
DA:84,0
DA:87,0
LF:28
LH:10
BRDA:26,0,0,4
BRDA:26,0,1,0
BRDA:34,1,0,0
BRDA:34,1,1,4
BRDA:34,2,0,4
BRDA:34,2,1,0
BRDA:40,3,0,4
BRDA:40,3,1,0
BRDA:40,4,0,4
BRDA:40,4,1,0
BRDA:46,5,0,0
BRDA:46,5,1,0
BRDA:46,6,0,0
BRDA:46,6,1,0
BRDA:50,7,0,0
BRDA:50,7,1,0
BRDA:50,8,0,0
BRDA:50,8,1,0
BRDA:63,9,0,0
BRDA:63,9,1,0
BRDA:73,10,0,0
BRDA:73,10,1,0
BRDA:77,11,0,0
BRDA:77,11,1,0
BRF:24
BRH:5
end_of_record
TN:
SF:api/responses/ok.js
FN:14,sendOK
FN:56,couldNotGuessView
FNF:2
FNH:0
FNDA:0,sendOK
FNDA:0,couldNotGuessView
DA:14,1
DA:17,0
DA:18,0
DA:19,0
DA:21,0
DA:24,0
DA:28,0
DA:29,0
DA:34,0
DA:37,0
DA:38,0
DA:39,0
DA:40,0
DA:43,0
DA:50,0
DA:51,0
DA:56,0
DA:57,0
LF:18
LH:1
BRDA:28,0,0,0
BRDA:28,0,1,0
BRDA:28,1,0,0
BRDA:28,1,1,0
BRDA:34,2,0,0
BRDA:34,2,1,0
BRDA:34,3,0,0
BRDA:34,3,1,0
BRDA:38,4,0,0
BRDA:38,4,1,0
BRDA:38,5,0,0
BRDA:38,5,1,0
BRDA:50,6,0,0
BRDA:50,6,1,0
BRF:14
BRH:0
end_of_record
TN:
SF:api/responses/serverError.js
FN:15,serverError
FN:68,(anonymous_1)
FNF:2
FNH:0
FNDA:0,serverError
FNDA:0,(anonymous_1)
DA:15,1
DA:18,0
DA:19,0
DA:20,0
DA:23,0
DA:26,0
DA:27,0
DA:29,0
DA:34,0
DA:35,0
DA:40,0
DA:41,0
DA:46,0
DA:49,0
DA:50,0
DA:51,0
DA:52,0
DA:55,0
DA:62,0
DA:63,0
DA:68,0
DA:71,0
DA:75,0
DA:76,0
DA:80,0
DA:82,0
DA:85,0
LF:27
LH:1
BRDA:26,0,0,0
BRDA:26,0,1,0
BRDA:34,1,0,0
BRDA:34,1,1,0
BRDA:34,2,0,0
BRDA:34,2,1,0
BRDA:40,3,0,0
BRDA:40,3,1,0
BRDA:40,4,0,0
BRDA:40,4,1,0
BRDA:46,5,0,0
BRDA:46,5,1,0
BRDA:46,6,0,0
BRDA:46,6,1,0
BRDA:50,7,0,0
BRDA:50,7,1,0
BRDA:50,8,0,0
BRDA:50,8,1,0
BRDA:62,9,0,0
BRDA:62,9,1,0
BRDA:71,10,0,0
BRDA:71,10,1,0
BRDA:75,11,0,0
BRDA:75,11,1,0
BRF:24
BRH:0
end_of_record
TN:
SF:api/services/ViewUtils.js
FN:2,(anonymous_0)
FN:13,(anonymous_1)
FNF:2
FNH:1
FNDA:0,(anonymous_0)
FNDA:12,(anonymous_1)
DA:1,1
DA:3,0
DA:4,0
DA:5,0
DA:6,0
DA:7,0
DA:8,0
DA:11,0
DA:15,12
DA:16,12
DA:17,12
DA:18,12
DA:19,12
DA:22,12
DA:23,12
DA:24,12
DA:25,12
DA:26,0
DA:29,12
DA:30,12
DA:31,12
DA:32,12
DA:33,0
DA:37,12
DA:38,12
DA:39,12
DA:40,12
DA:41,12
DA:45,12
DA:46,12
DA:47,6
DA:48,6
DA:49,18
DA:54,6
DA:55,6
DA:56,12
DA:60,12
LF:37
LH:28
BRDA:2,0,0,0
BRDA:7,1,0,0
BRDA:7,1,1,0
BRDA:13,2,0,0
BRDA:19,3,0,12
BRDA:19,3,1,0
BRDA:25,4,0,0
BRDA:25,4,1,12
BRDA:29,5,0,12
BRDA:29,5,1,0
BRDA:32,6,0,0
BRDA:32,6,1,12
BRDA:37,7,0,12
BRDA:37,7,1,0
BRDA:40,8,0,12
BRDA:40,8,1,0
BRDA:45,9,0,12
BRDA:45,9,1,0
BRDA:46,10,0,6
BRDA:46,10,1,6
BRF:20
BRH:9
end_of_record
TN:
SF:config/action.js
FNF:0
FNH:0
DA:1,1
LF:1
LH:1
BRF:0
BRH:0
end_of_record
TN:
SF:config/appmode.js
FNF:0
FNH:0
DA:1,1
LF:1
LH:1
BRF:0
BRH:0
end_of_record
TN:
SF:config/auth.js
FNF:0
FNH:0
DA:6,1
LF:1
LH:1
BRF:0
BRH:0
end_of_record
TN:
SF:config/autoreload.js
FNF:0
FNH:0
DA:2,1
LF:1
LH:1
BRF:0
BRH:0
end_of_record
TN:
SF:config/blueprints.js
FNF:0
FNH:0
DA:26,1
LF:1
LH:1
BRF:0
BRH:0
end_of_record
TN:
SF:config/bootstrap.js
FN:14,(anonymous_0)
FN:28,(anonymous_1)
FN:32,(anonymous_2)
FN:38,(anonymous_3)
FN:44,(anonymous_4)
FN:48,(anonymous_5)
FN:52,(anonymous_6)
FN:55,(anonymous_7)
FN:59,(anonymous_8)
FN:63,(anonymous_9)
FN:71,(anonymous_10)
FN:75,(anonymous_11)
FN:79,(anonymous_12)
FN:80,(anonymous_13)
FN:90,(anonymous_14)
FN:95,(anonymous_15)
FN:97,(anonymous_16)
FN:124,(anonymous_17)
FN:137,(anonymous_18)
FNF:19
FNH:16
FNDA:1,(anonymous_0)
FNDA:1,(anonymous_1)
FNDA:1,(anonymous_2)
FNDA:1,(anonymous_3)
FNDA:1,(anonymous_4)
FNDA:1,(anonymous_5)
FNDA:1,(anonymous_6)
FNDA:1,(anonymous_7)
FNDA:1,(anonymous_8)
FNDA:9,(anonymous_9)
FNDA:2,(anonymous_10)
FNDA:2,(anonymous_11)
FNDA:0,(anonymous_12)
FNDA:0,(anonymous_13)
FNDA:1,(anonymous_14)
FNDA:1,(anonymous_15)
FNDA:1,(anonymous_16)
FNDA:1,(anonymous_17)
FNDA:0,(anonymous_18)
DA:11,1
DA:12,1
DA:14,1
DA:16,1
DA:17,1
DA:18,1
DA:19,1
DA:20,1
DA:21,1
DA:22,0
DA:23,0
DA:26,1
DA:27,1
DA:29,1
DA:30,1
DA:33,1
DA:36,1
DA:39,1
DA:42,1
DA:45,1
DA:46,1
DA:49,1
DA:50,1
DA:53,1
DA:54,1
DA:56,1
DA:57,1
DA:60,1
DA:61,1
DA:62,1
DA:63,1
DA:64,9
DA:66,1
DA:68,0
DA:72,2
DA:73,2
DA:76,2
DA:78,2
DA:79,0
DA:80,0
DA:82,0
DA:85,0
DA:87,2
DA:91,1
DA:93,1
DA:96,1
DA:97,1
DA:98,1
DA:99,1
DA:100,1
DA:101,1
DA:102,1
DA:103,1
DA:104,1
DA:105,1
DA:106,1
DA:107,1
DA:108,1
DA:109,1
DA:110,1
DA:111,1
DA:112,1
DA:113,1
DA:114,1
DA:115,1
DA:116,1
DA:117,1
DA:118,1
DA:119,1
DA:122,1
DA:124,1
DA:125,1
DA:126,1
DA:129,1
DA:131,0
DA:138,0
DA:139,0
LF:77
LH:67
BRDA:21,0,0,0
BRDA:21,0,1,1
BRDA:21,1,0,1
BRDA:21,1,1,1
BRDA:61,2,0,1
BRDA:61,2,1,0
BRDA:78,3,0,0
BRDA:78,3,1,2
BRDA:125,4,0,1
BRDA:125,4,1,0
BRF:10
BRH:6
end_of_record
TN:
SF:config/cors.js
FNF:0
FNH:0
DA:29,1
LF:1
LH:1
BRF:0
BRH:0
end_of_record
TN:
SF:config/crontab.js
FN:3,(anonymous_0)
FNF:1
FNH:0
FNDA:0,(anonymous_0)
DA:1,1
DA:4,0
LF:2
LH:1
BRF:0
BRH:0
end_of_record
TN:
SF:config/csrf.js
FNF:0
FNH:0
DA:65,1
LF:1
LH:1
BRF:0
BRH:0
end_of_record
TN:
SF:config/custom_cache.js
FNF:0
FNH:0
DA:1,1
LF:1
LH:1
BRF:0
BRH:0
end_of_record
TN:
SF:config/datapubs.js
FNF:0
FNH:0
DA:1,1
LF:1
LH:1
BRF:0
BRH:0
end_of_record
TN:
SF:config/datastores.js
FNF:0
FNH:0
DA:5,1
LF:1
LH:1
BRF:0
BRH:0
end_of_record
TN:
SF:config/dynamicasset.js
FNF:0
FNH:0
DA:1,1
LF:1
LH:1
BRF:0
BRH:0
end_of_record
TN:
SF:config/dynamicconfig.js
FNF:0
FNH:0
DA:1,1
LF:1
LH:1
BRF:0
BRH:0
end_of_record
TN:
SF:config/emailnotification.js
FNF:0
FNH:0
DA:1,1
LF:1
LH:1
BRF:0
BRH:0
end_of_record
TN:
SF:config/form.js
FNF:0
FNH:0
DA:4,1
DA:5,1
DA:6,1
DA:7,1
DA:8,1
DA:9,1
DA:10,1
DA:11,1
DA:12,1
DA:13,1
DA:14,1
LF:11
LH:11
BRF:0
BRH:0
end_of_record
TN:
SF:config/globals.js
FNF:0
FNH:0
DA:6,1
LF:1
LH:1
BRF:0
BRH:0
end_of_record
TN:
SF:config/http.js
FN:34,(anonymous_0)
FN:84,(anonymous_1)
FN:152,(anonymous_2)
FNF:3
FNH:1
FNDA:0,(anonymous_0)
FNDA:0,(anonymous_1)
FNDA:13,(anonymous_2)
DA:12,1
DA:37,0
DA:38,0
DA:40,0
DA:41,0
DA:42,0
DA:43,0
DA:44,0
DA:46,0
DA:47,0
DA:49,0
DA:50,0
DA:53,0
DA:54,0
DA:55,0
DA:57,0
DA:58,0
DA:59,0
DA:60,0
DA:61,0
DA:64,0
DA:65,0
DA:66,0
DA:67,0
DA:70,0
DA:71,0
DA:72,0
DA:73,0
DA:78,0
DA:79,0
DA:82,0
DA:85,0
DA:154,13
DA:155,0
DA:157,13
DA:161,13
LF:36
LH:4
BRDA:40,0,0,0
BRDA:40,0,1,0
BRDA:43,1,0,0
BRDA:43,1,1,0
BRDA:46,2,0,0
BRDA:46,2,1,0
BRDA:46,3,0,0
BRDA:46,3,1,0
BRDA:49,4,0,0
BRDA:49,4,1,0
BRDA:49,5,0,0
BRDA:49,5,1,0
BRDA:54,6,0,0
BRDA:54,6,1,0
BRDA:60,7,0,0
BRDA:60,7,1,0
BRDA:64,8,0,0
BRDA:64,8,1,0
BRDA:66,9,0,0
BRDA:66,9,1,0
BRDA:70,10,0,0
BRDA:70,10,1,0
BRDA:72,11,0,0
BRDA:72,11,1,0
BRDA:78,12,0,0
BRDA:78,12,1,0
BRDA:154,13,0,0
BRDA:154,13,1,13
BRF:28
BRH:1
end_of_record
TN:
SF:config/i18n.js
FNF:0
FNH:0
DA:18,1
LF:1
LH:1
BRF:0
BRH:0
end_of_record
TN:
SF:config/jsonld.js
FNF:0
FNH:0
DA:6,1
LF:1
LH:1
BRF:0
BRH:0
end_of_record
TN:
SF:config/log.js
FNF:0
FNH:0
DA:13,1
LF:1
LH:1
BRF:0
BRH:0
end_of_record
TN:
SF:config/mint.js
FNF:0
FNH:0
DA:1,1
LF:1
LH:1
BRF:0
BRH:0
end_of_record
TN:
SF:config/models.js
FNF:0
FNH:0
DA:12,1
LF:1
LH:1
BRF:0
BRH:0
end_of_record
TN:
SF:config/ng2.js
FNF:0
FNH:0
DA:5,1
LF:1
LH:1
BRF:0
BRH:0
end_of_record
TN:
SF:config/orcid.js
FNF:0
FNH:0
DA:1,1
LF:1
LH:1
BRF:0
BRH:0
end_of_record
TN:
SF:config/orm.js
FNF:0
FNH:0
DA:1,1
LF:1
LH:1
BRF:0
BRH:0
end_of_record
TN:
SF:config/peopleSearch.js
FNF:0
FNH:0
DA:1,1
LF:1
LH:1
BRF:0
BRH:0
end_of_record
TN:
SF:config/policies.js
FNF:0
FNH:0
DA:20,1
LF:1
LH:1
BRF:0
BRH:0
end_of_record
TN:
SF:config/record.js
FNF:0
FNH:0
DA:1,1
LF:1
LH:1
BRF:0
BRH:0
end_of_record
TN:
SF:config/recordtype.js
FNF:0
FNH:0
DA:1,1
LF:1
LH:1
BRF:0
BRH:0
end_of_record
TN:
SF:config/redboxToCKAN.js
FNF:0
FNH:0
DA:1,1
LF:1
LH:1
BRF:0
BRH:0
end_of_record
TN:
SF:config/report.js
FNF:0
FNH:0
DA:1,1
LF:1
LH:1
BRF:0
BRH:0
end_of_record
TN:
SF:config/routes.js
FNF:0
FNH:0
DA:23,1
LF:1
LH:1
BRF:0
BRH:0
end_of_record
TN:
SF:config/session.js
FNF:0
FNH:0
DA:15,1
LF:1
LH:1
BRF:0
BRH:0
end_of_record
TN:
SF:config/sockets.js
FNF:0
FNH:0
DA:13,1
LF:1
LH:1
BRF:0
BRH:0
end_of_record
TN:
SF:config/static_assets.js
FNF:0
FNH:0
DA:1,1
LF:1
LH:1
BRF:0
BRH:0
end_of_record
TN:
SF:config/typescript.js
FNF:0
FNH:0
DA:1,1
LF:1
LH:1
BRF:0
BRH:0
end_of_record
TN:
SF:config/views.js
FNF:0
FNH:0
DA:14,1
LF:1
LH:1
BRF:0
BRH:0
end_of_record
TN:
SF:config/vocab.js
FNF:0
FNH:0
DA:1,1
LF:1
LH:1
BRF:0
BRH:0
end_of_record
TN:
SF:config/workflow.js
FNF:0
FNH:0
DA:1,1
LF:1
LH:1
BRF:0
BRH:0
end_of_record
TN:
SF:config/workspacetype.js
FNF:0
FNH:0
DA:4,1
LF:1
LH:1
BRF:0
BRH:0
end_of_record
TN:
SF:config/env/acceptance.js
FNF:0
FNH:0
DA:13,0
LF:1
LH:0
BRF:0
BRH:0
end_of_record
TN:
SF:config/env/development.js
FNF:0
FNH:0
DA:13,0
LF:1
LH:0
BRF:0
BRH:0
end_of_record
TN:
SF:config/env/docker.js
FNF:0
FNH:0
DA:13,1
LF:1
LH:1
BRF:0
BRH:0
end_of_record
TN:
SF:config/env/production.js
FNF:0
FNH:0
DA:13,0
LF:1
LH:0
BRF:0
BRH:0
end_of_record
TN:
SF:config/env/test.js
FNF:0
FNH:0
DA:13,0
LF:1
LH:0
BRF:0
BRH:0
end_of_record
